[0.045s] Invoking command in '/home/nazmul/arduinobot_ws/build/arduinobot_description': CMAKE_PREFIX_PATH=${CMAKE_PREFIX_PATH}:/opt/ros/jazzy DEBUGINFOD_URLS=https://debuginfod.ubuntu.com /usr/bin/cmake --build /home/nazmul/arduinobot_ws/build/arduinobot_description -- -j4 -l4
[0.613s] Invoked command in '/home/nazmul/arduinobot_ws/build/arduinobot_description' returned '0': CMAKE_PREFIX_PATH=${CMAKE_PREFIX_PATH}:/opt/ros/jazzy DEBUGINFOD_URLS=https://debuginfod.ubuntu.com /usr/bin/cmake --build /home/nazmul/arduinobot_ws/build/arduinobot_description -- -j4 -l4
[0.638s] Invoking command in '/home/nazmul/arduinobot_ws/build/arduinobot_description': CMAKE_PREFIX_PATH=${CMAKE_PREFIX_PATH}:/opt/ros/jazzy DEBUGINFOD_URLS=https://debuginfod.ubuntu.com /usr/bin/cmake --install /home/nazmul/arduinobot_ws/build/arduinobot_description
[0.661s] -- Install configuration: ""
[0.663s] -- Up-to-date: /home/nazmul/arduinobot_ws/install/arduinobot_description/share/arduinobot_description/meshes
[0.664s] -- Up-to-date: /home/nazmul/arduinobot_ws/install/arduinobot_description/share/arduinobot_description/meshes/triangular_link.STL
[0.665s] -- Up-to-date: /home/nazmul/arduinobot_ws/install/arduinobot_description/share/arduinobot_description/meshes/plate.STL
[0.666s] -- Up-to-date: /home/nazmul/arduinobot_ws/install/arduinobot_description/share/arduinobot_description/meshes/horizontal_arm.STL
[0.666s] -- Up-to-date: /home/nazmul/arduinobot_ws/install/arduinobot_description/share/arduinobot_description/meshes/left_finger.STL
[0.669s] -- Up-to-date: /home/nazmul/arduinobot_ws/install/arduinobot_description/share/arduinobot_description/meshes/vertical_drive_arm.STL
[0.669s] -- Up-to-date: /home/nazmul/arduinobot_ws/install/arduinobot_description/share/arduinobot_description/meshes/right_finger.STL
[0.669s] -- Up-to-date: /home/nazmul/arduinobot_ws/install/arduinobot_description/share/arduinobot_description/meshes/link.STL
[0.669s] -- Up-to-date: /home/nazmul/arduinobot_ws/install/arduinobot_description/share/arduinobot_description/meshes/base_plate.STL
[0.674s] -- Up-to-date: /home/nazmul/arduinobot_ws/install/arduinobot_description/share/arduinobot_description/meshes/round_plate.STL
[0.674s] -- Up-to-date: /home/nazmul/arduinobot_ws/install/arduinobot_description/share/arduinobot_description/meshes/forward_drive_arm.STL
[0.674s] -- Up-to-date: /home/nazmul/arduinobot_ws/install/arduinobot_description/share/arduinobot_description/meshes/basement.STL
[0.675s] -- Up-to-date: /home/nazmul/arduinobot_ws/install/arduinobot_description/share/arduinobot_description/meshes/servo_plate.STL
[0.675s] -- Up-to-date: /home/nazmul/arduinobot_ws/install/arduinobot_description/share/arduinobot_description/meshes/claw_support.STL
[0.675s] -- Up-to-date: /home/nazmul/arduinobot_ws/install/arduinobot_description/share/arduinobot_description/urdf
[0.676s] -- Installing: /home/nazmul/arduinobot_ws/install/arduinobot_description/share/arduinobot_description/urdf/arduinobot.urdf.xacro
[0.677s] -- Up-to-date: /home/nazmul/arduinobot_ws/install/arduinobot_description/share/ament_index/resource_index/package_run_dependencies/arduinobot_description
[0.678s] -- Up-to-date: /home/nazmul/arduinobot_ws/install/arduinobot_description/share/ament_index/resource_index/parent_prefix_path/arduinobot_description
[0.678s] -- Up-to-date: /home/nazmul/arduinobot_ws/install/arduinobot_description/share/arduinobot_description/environment/ament_prefix_path.sh
[0.679s] -- Up-to-date: /home/nazmul/arduinobot_ws/install/arduinobot_description/share/arduinobot_description/environment/ament_prefix_path.dsv
[0.679s] -- Up-to-date: /home/nazmul/arduinobot_ws/install/arduinobot_description/share/arduinobot_description/environment/path.sh
[0.679s] -- Up-to-date: /home/nazmul/arduinobot_ws/install/arduinobot_description/share/arduinobot_description/environment/path.dsv
[0.680s] -- Up-to-date: /home/nazmul/arduinobot_ws/install/arduinobot_description/share/arduinobot_description/local_setup.bash
[0.680s] -- Up-to-date: /home/nazmul/arduinobot_ws/install/arduinobot_description/share/arduinobot_description/local_setup.sh
[0.680s] -- Up-to-date: /home/nazmul/arduinobot_ws/install/arduinobot_description/share/arduinobot_description/local_setup.zsh
[0.681s] -- Up-to-date: /home/nazmul/arduinobot_ws/install/arduinobot_description/share/arduinobot_description/local_setup.dsv
[0.681s] -- Installing: /home/nazmul/arduinobot_ws/install/arduinobot_description/share/arduinobot_description/package.dsv
[0.681s] -- Up-to-date: /home/nazmul/arduinobot_ws/install/arduinobot_description/share/ament_index/resource_index/packages/arduinobot_description
[0.682s] -- Up-to-date: /home/nazmul/arduinobot_ws/install/arduinobot_description/share/arduinobot_description/cmake/arduinobot_descriptionConfig.cmake
[0.682s] -- Up-to-date: /home/nazmul/arduinobot_ws/install/arduinobot_description/share/arduinobot_description/cmake/arduinobot_descriptionConfig-version.cmake
[0.682s] -- Up-to-date: /home/nazmul/arduinobot_ws/install/arduinobot_description/share/arduinobot_description/package.xml
[0.693s] Invoked command in '/home/nazmul/arduinobot_ws/build/arduinobot_description' returned '0': CMAKE_PREFIX_PATH=${CMAKE_PREFIX_PATH}:/opt/ros/jazzy DEBUGINFOD_URLS=https://debuginfod.ubuntu.com /usr/bin/cmake --install /home/nazmul/arduinobot_ws/build/arduinobot_description
