[0.034s] Invoking command in '/home/nazmul/arduinobot_ws/build/arduinobot_description': CMAKE_PREFIX_PATH=${CMAKE_PREFIX_PATH}:/opt/ros/jazzy DEBUGINFOD_URLS=https://debuginfod.ubuntu.com /usr/bin/cmake --build /home/nazmul/arduinobot_ws/build/arduinobot_description -- -j4 -l4
[0.441s] Invoked command in '/home/nazmul/arduinobot_ws/build/arduinobot_description' returned '0': CMAKE_PREFIX_PATH=${CMAKE_PREFIX_PATH}:/opt/ros/jazzy DEBUGINFOD_URLS=https://debuginfod.ubuntu.com /usr/bin/cmake --build /home/nazmul/arduinobot_ws/build/arduinobot_description -- -j4 -l4
[0.445s] Invoking command in '/home/nazmul/arduinobot_ws/build/arduinobot_description': CMAKE_PREFIX_PATH=${CMAKE_PREFIX_PATH}:/opt/ros/jazzy DEBUGINFOD_URLS=https://debuginfod.ubuntu.com /usr/bin/cmake --install /home/nazmul/arduinobot_ws/build/arduinobot_description
[0.471s] -- Install configuration: ""
[0.471s] -- Up-to-date: /home/nazmul/arduinobot_ws/install/arduinobot_description/share/arduinobot_description/meshes
[0.471s] -- Up-to-date: /home/nazmul/arduinobot_ws/install/arduinobot_description/share/arduinobot_description/meshes/triangular_link.STL
[0.471s] -- Up-to-date: /home/nazmul/arduinobot_ws/install/arduinobot_description/share/arduinobot_description/meshes/plate.STL
[0.472s] -- Up-to-date: /home/nazmul/arduinobot_ws/install/arduinobot_description/share/arduinobot_description/meshes/horizontal_arm.STL
[0.472s] -- Up-to-date: /home/nazmul/arduinobot_ws/install/arduinobot_description/share/arduinobot_description/meshes/left_finger.STL
[0.474s] -- Up-to-date: /home/nazmul/arduinobot_ws/install/arduinobot_description/share/arduinobot_description/meshes/vertical_drive_arm.STL
[0.475s] -- Up-to-date: /home/nazmul/arduinobot_ws/install/arduinobot_description/share/arduinobot_description/meshes/right_finger.STL
[0.475s] -- Up-to-date: /home/nazmul/arduinobot_ws/install/arduinobot_description/share/arduinobot_description/meshes/link.STL
[0.476s] -- Up-to-date: /home/nazmul/arduinobot_ws/install/arduinobot_description/share/arduinobot_description/meshes/base_plate.STL
[0.476s] -- Up-to-date: /home/nazmul/arduinobot_ws/install/arduinobot_description/share/arduinobot_description/meshes/round_plate.STL
[0.476s] -- Up-to-date: /home/nazmul/arduinobot_ws/install/arduinobot_description/share/arduinobot_description/meshes/forward_drive_arm.STL
[0.476s] -- Up-to-date: /home/nazmul/arduinobot_ws/install/arduinobot_description/share/arduinobot_description/meshes/basement.STL
[0.476s] -- Up-to-date: /home/nazmul/arduinobot_ws/install/arduinobot_description/share/arduinobot_description/meshes/servo_plate.STL
[0.477s] -- Up-to-date: /home/nazmul/arduinobot_ws/install/arduinobot_description/share/arduinobot_description/meshes/claw_support.STL
[0.477s] -- Up-to-date: /home/nazmul/arduinobot_ws/install/arduinobot_description/share/arduinobot_description/urdf
[0.477s] -- Installing: /home/nazmul/arduinobot_ws/install/arduinobot_description/share/arduinobot_description/urdf/arduinobot.urdf.xacro
[0.477s] -- Up-to-date: /home/nazmul/arduinobot_ws/install/arduinobot_description/share/ament_index/resource_index/package_run_dependencies/arduinobot_description
[0.477s] -- Up-to-date: /home/nazmul/arduinobot_ws/install/arduinobot_description/share/ament_index/resource_index/parent_prefix_path/arduinobot_description
[0.477s] -- Up-to-date: /home/nazmul/arduinobot_ws/install/arduinobot_description/share/arduinobot_description/environment/ament_prefix_path.sh
[0.478s] -- Up-to-date: /home/nazmul/arduinobot_ws/install/arduinobot_description/share/arduinobot_description/environment/ament_prefix_path.dsv
[0.479s] -- Up-to-date: /home/nazmul/arduinobot_ws/install/arduinobot_description/share/arduinobot_description/environment/path.sh
[0.479s] -- Up-to-date: /home/nazmul/arduinobot_ws/install/arduinobot_description/share/arduinobot_description/environment/path.dsv
[0.480s] -- Up-to-date: /home/nazmul/arduinobot_ws/install/arduinobot_description/share/arduinobot_description/local_setup.bash
[0.480s] -- Up-to-date: /home/nazmul/arduinobot_ws/install/arduinobot_description/share/arduinobot_description/local_setup.sh
[0.480s] -- Up-to-date: /home/nazmul/arduinobot_ws/install/arduinobot_description/share/arduinobot_description/local_setup.zsh
[0.480s] -- Up-to-date: /home/nazmul/arduinobot_ws/install/arduinobot_description/share/arduinobot_description/local_setup.dsv
[0.480s] -- Installing: /home/nazmul/arduinobot_ws/install/arduinobot_description/share/arduinobot_description/package.dsv
[0.481s] -- Up-to-date: /home/nazmul/arduinobot_ws/install/arduinobot_description/share/ament_index/resource_index/packages/arduinobot_description
[0.481s] -- Up-to-date: /home/nazmul/arduinobot_ws/install/arduinobot_description/share/arduinobot_description/cmake/arduinobot_descriptionConfig.cmake
[0.481s] -- Up-to-date: /home/nazmul/arduinobot_ws/install/arduinobot_description/share/arduinobot_description/cmake/arduinobot_descriptionConfig-version.cmake
[0.481s] -- Up-to-date: /home/nazmul/arduinobot_ws/install/arduinobot_description/share/arduinobot_description/package.xml
[0.510s] Invoked command in '/home/nazmul/arduinobot_ws/build/arduinobot_description' returned '0': CMAKE_PREFIX_PATH=${CMAKE_PREFIX_PATH}:/opt/ros/jazzy DEBUGINFOD_URLS=https://debuginfod.ubuntu.com /usr/bin/cmake --install /home/nazmul/arduinobot_ws/build/arduinobot_description
