[1.426s] Invoking command in '/home/nazmul/arduinobot_ws/src/arduinobot_py_examples': DEBUGINFOD_URLS=https://debuginfod.ubuntu.com PYTHONPATH=/home/nazmul/arduinobot_ws/build/arduinobot_py_examples/prefix_override:/usr/lib/python3/dist-packages/colcon_core/task/python/colcon_distutils_commands:/home/nazmul/arduinobot_ws/install/arduinobot_py_examples/lib/python3.12/site-packages:${PYTHONPATH} /usr/bin/python3 -W ignore:setup.py install is deprecated -W ignore:easy_install command is deprecated setup.py egg_info --egg-base ../../build/arduinobot_py_examples build --build-base /home/nazmul/arduinobot_ws/build/arduinobot_py_examples/build install --record /home/nazmul/arduinobot_ws/build/arduinobot_py_examples/install.log --single-version-externally-managed install_data
[1.858s] running egg_info
[1.858s] creating ../../build/arduinobot_py_examples/arduinobot_py_examples.egg-info
[1.887s] writing ../../build/arduinobot_py_examples/arduinobot_py_examples.egg-info/PKG-INFO
[1.887s] writing dependency_links to ../../build/arduinobot_py_examples/arduinobot_py_examples.egg-info/dependency_links.txt
[1.888s] writing requirements to ../../build/arduinobot_py_examples/arduinobot_py_examples.egg-info/requires.txt
[1.888s] writing top-level names to ../../build/arduinobot_py_examples/arduinobot_py_examples.egg-info/top_level.txt
[1.888s] writing manifest file '../../build/arduinobot_py_examples/arduinobot_py_examples.egg-info/SOURCES.txt'
[1.950s] reading manifest file '../../build/arduinobot_py_examples/arduinobot_py_examples.egg-info/SOURCES.txt'
[1.951s] writing manifest file '../../build/arduinobot_py_examples/arduinobot_py_examples.egg-info/SOURCES.txt'
[1.951s] running build
[1.951s] running build_py
[1.952s] creating /home/nazmul/arduinobot_ws/build/arduinobot_py_examples/build
[1.952s] creating /home/nazmul/arduinobot_ws/build/arduinobot_py_examples/build/lib
[1.952s] creating /home/nazmul/arduinobot_ws/build/arduinobot_py_examples/build/lib/arduinobot_py_examples
[1.952s] copying arduinobot_py_examples/__init__.py -> /home/nazmul/arduinobot_ws/build/arduinobot_py_examples/build/lib/arduinobot_py_examples
[1.952s] running install
[1.959s] running install_lib
[1.989s] creating /home/nazmul/arduinobot_ws/install/arduinobot_py_examples/lib/python3.12/site-packages/arduinobot_py_examples
[1.989s] copying /home/nazmul/arduinobot_ws/build/arduinobot_py_examples/build/lib/arduinobot_py_examples/__init__.py -> /home/nazmul/arduinobot_ws/install/arduinobot_py_examples/lib/python3.12/site-packages/arduinobot_py_examples
[1.989s] byte-compiling /home/nazmul/arduinobot_ws/install/arduinobot_py_examples/lib/python3.12/site-packages/arduinobot_py_examples/__init__.py to __init__.cpython-312.pyc
[1.990s] running install_data
[1.990s] creating /home/nazmul/arduinobot_ws/install/arduinobot_py_examples/share/ament_index
[1.990s] creating /home/nazmul/arduinobot_ws/install/arduinobot_py_examples/share/ament_index/resource_index
[1.990s] creating /home/nazmul/arduinobot_ws/install/arduinobot_py_examples/share/ament_index/resource_index/packages
[1.990s] copying resource/arduinobot_py_examples -> /home/nazmul/arduinobot_ws/install/arduinobot_py_examples/share/ament_index/resource_index/packages
[1.991s] copying package.xml -> /home/nazmul/arduinobot_ws/install/arduinobot_py_examples/share/arduinobot_py_examples
[1.991s] running install_egg_info
[2.025s] Copying ../../build/arduinobot_py_examples/arduinobot_py_examples.egg-info to /home/nazmul/arduinobot_ws/install/arduinobot_py_examples/lib/python3.12/site-packages/arduinobot_py_examples-0.0.0-py3.12.egg-info
[2.026s] running install_scripts
[2.226s] writing list of installed files to '/home/nazmul/arduinobot_ws/build/arduinobot_py_examples/install.log'
[2.269s] Invoked command in '/home/nazmul/arduinobot_ws/src/arduinobot_py_examples' returned '0': DEBUGINFOD_URLS=https://debuginfod.ubuntu.com PYTHONPATH=/home/nazmul/arduinobot_ws/build/arduinobot_py_examples/prefix_override:/usr/lib/python3/dist-packages/colcon_core/task/python/colcon_distutils_commands:/home/nazmul/arduinobot_ws/install/arduinobot_py_examples/lib/python3.12/site-packages:${PYTHONPATH} /usr/bin/python3 -W ignore:setup.py install is deprecated -W ignore:easy_install command is deprecated setup.py egg_info --egg-base ../../build/arduinobot_py_examples build --build-base /home/nazmul/arduinobot_ws/build/arduinobot_py_examples/build install --record /home/nazmul/arduinobot_ws/build/arduinobot_py_examples/install.log --single-version-externally-managed install_data
