[0.047s] Invoking command in '/home/nazmul/arduinobot_ws/build/arduinobot_description': CMAKE_PREFIX_PATH=${CMAKE_PREFIX_PATH}:/opt/ros/jazzy DEBUGINFOD_URLS=https://debuginfod.ubuntu.com /usr/bin/cmake --build /home/nazmul/arduinobot_ws/build/arduinobot_description -- -j4 -l4
[0.955s] Invoked command in '/home/nazmul/arduinobot_ws/build/arduinobot_description' returned '0': CMAKE_PREFIX_PATH=${CMAKE_PREFIX_PATH}:/opt/ros/jazzy DEBUGINFOD_URLS=https://debuginfod.ubuntu.com /usr/bin/cmake --build /home/nazmul/arduinobot_ws/build/arduinobot_description -- -j4 -l4
[0.960s] Invoking command in '/home/nazmul/arduinobot_ws/build/arduinobot_description': CMAKE_PREFIX_PATH=${CMAKE_PREFIX_PATH}:/opt/ros/jazzy DEBUGINFOD_URLS=https://debuginfod.ubuntu.com /usr/bin/cmake --install /home/nazmul/arduinobot_ws/build/arduinobot_description
[1.025s] -- Install configuration: ""
[1.025s] -- Up-to-date: /home/nazmul/arduinobot_ws/install/arduinobot_description/share/arduinobot_description/meshes
[1.025s] -- Up-to-date: /home/nazmul/arduinobot_ws/install/arduinobot_description/share/arduinobot_description/meshes/triangular_link.STL
[1.029s] -- Up-to-date: /home/nazmul/arduinobot_ws/install/arduinobot_description/share/arduinobot_description/meshes/plate.STL
[1.030s] -- Up-to-date: /home/nazmul/arduinobot_ws/install/arduinobot_description/share/arduinobot_description/meshes/horizontal_arm.STL
[1.030s] -- Up-to-date: /home/nazmul/arduinobot_ws/install/arduinobot_description/share/arduinobot_description/meshes/left_finger.STL
[1.031s] -- Up-to-date: /home/nazmul/arduinobot_ws/install/arduinobot_description/share/arduinobot_description/meshes/vertical_drive_arm.STL
[1.036s] -- Up-to-date: /home/nazmul/arduinobot_ws/install/arduinobot_description/share/arduinobot_description/meshes/right_finger.STL
[1.036s] -- Up-to-date: /home/nazmul/arduinobot_ws/install/arduinobot_description/share/arduinobot_description/meshes/link.STL
[1.037s] -- Up-to-date: /home/nazmul/arduinobot_ws/install/arduinobot_description/share/arduinobot_description/meshes/base_plate.STL
[1.037s] -- Up-to-date: /home/nazmul/arduinobot_ws/install/arduinobot_description/share/arduinobot_description/meshes/round_plate.STL
[1.038s] -- Up-to-date: /home/nazmul/arduinobot_ws/install/arduinobot_description/share/arduinobot_description/meshes/forward_drive_arm.STL
[1.040s] -- Up-to-date: /home/nazmul/arduinobot_ws/install/arduinobot_description/share/arduinobot_description/meshes/basement.STL
[1.041s] -- Up-to-date: /home/nazmul/arduinobot_ws/install/arduinobot_description/share/arduinobot_description/meshes/servo_plate.STL
[1.041s] -- Up-to-date: /home/nazmul/arduinobot_ws/install/arduinobot_description/share/arduinobot_description/meshes/claw_support.STL
[1.041s] -- Up-to-date: /home/nazmul/arduinobot_ws/install/arduinobot_description/share/arduinobot_description/urdf
[1.042s] -- Installing: /home/nazmul/arduinobot_ws/install/arduinobot_description/share/arduinobot_description/urdf/arduinobot.urdf.xacro
[1.044s] -- Up-to-date: /home/nazmul/arduinobot_ws/install/arduinobot_description/share/ament_index/resource_index/package_run_dependencies/arduinobot_description
[1.049s] -- Up-to-date: /home/nazmul/arduinobot_ws/install/arduinobot_description/share/ament_index/resource_index/parent_prefix_path/arduinobot_description
[1.049s] -- Up-to-date: /home/nazmul/arduinobot_ws/install/arduinobot_description/share/arduinobot_description/environment/ament_prefix_path.sh
[1.050s] -- Up-to-date: /home/nazmul/arduinobot_ws/install/arduinobot_description/share/arduinobot_description/environment/ament_prefix_path.dsv
[1.050s] -- Up-to-date: /home/nazmul/arduinobot_ws/install/arduinobot_description/share/arduinobot_description/environment/path.sh
[1.050s] -- Up-to-date: /home/nazmul/arduinobot_ws/install/arduinobot_description/share/arduinobot_description/environment/path.dsv
[1.051s] -- Up-to-date: /home/nazmul/arduinobot_ws/install/arduinobot_description/share/arduinobot_description/local_setup.bash
[1.054s] -- Up-to-date: /home/nazmul/arduinobot_ws/install/arduinobot_description/share/arduinobot_description/local_setup.sh
[1.055s] -- Up-to-date: /home/nazmul/arduinobot_ws/install/arduinobot_description/share/arduinobot_description/local_setup.zsh
[1.056s] -- Up-to-date: /home/nazmul/arduinobot_ws/install/arduinobot_description/share/arduinobot_description/local_setup.dsv
[1.058s] -- Installing: /home/nazmul/arduinobot_ws/install/arduinobot_description/share/arduinobot_description/package.dsv
[1.058s] -- Up-to-date: /home/nazmul/arduinobot_ws/install/arduinobot_description/share/ament_index/resource_index/packages/arduinobot_description
[1.059s] -- Up-to-date: /home/nazmul/arduinobot_ws/install/arduinobot_description/share/arduinobot_description/cmake/arduinobot_descriptionConfig.cmake
[1.061s] -- Up-to-date: /home/nazmul/arduinobot_ws/install/arduinobot_description/share/arduinobot_description/cmake/arduinobot_descriptionConfig-version.cmake
[1.062s] -- Up-to-date: /home/nazmul/arduinobot_ws/install/arduinobot_description/share/arduinobot_description/package.xml
[1.136s] Invoked command in '/home/nazmul/arduinobot_ws/build/arduinobot_description' returned '0': CMAKE_PREFIX_PATH=${CMAKE_PREFIX_PATH}:/opt/ros/jazzy DEBUGINFOD_URLS=https://debuginfod.ubuntu.com /usr/bin/cmake --install /home/nazmul/arduinobot_ws/build/arduinobot_description
