[1.487s] Invoking command in '/home/nazmul/arduinobot_ws/src/arduinobot_py_examples': DEBUGINFOD_URLS=https://debuginfod.ubuntu.com PYTHONPATH=/home/nazmul/arduinobot_ws/build/arduinobot_py_examples/prefix_override:/usr/lib/python3/dist-packages/colcon_core/task/python/colcon_distutils_commands:/home/nazmul/arduinobot_ws/install/arduinobot_py_examples/lib/python3.12/site-packages:${PYTHONPATH} /usr/bin/python3 -W ignore:setup.py install is deprecated -W ignore:easy_install command is deprecated setup.py egg_info --egg-base ../../build/arduinobot_py_examples build --build-base /home/nazmul/arduinobot_ws/build/arduinobot_py_examples/build install --record /home/nazmul/arduinobot_ws/build/arduinobot_py_examples/install.log --single-version-externally-managed install_data
[1.889s] running egg_info
[1.926s] writing ../../build/arduinobot_py_examples/arduinobot_py_examples.egg-info/PKG-INFO
[1.926s] writing dependency_links to ../../build/arduinobot_py_examples/arduinobot_py_examples.egg-info/dependency_links.txt
[1.926s] writing entry points to ../../build/arduinobot_py_examples/arduinobot_py_examples.egg-info/entry_points.txt
[1.927s] writing requirements to ../../build/arduinobot_py_examples/arduinobot_py_examples.egg-info/requires.txt
[1.927s] writing top-level names to ../../build/arduinobot_py_examples/arduinobot_py_examples.egg-info/top_level.txt
[1.988s] reading manifest file '../../build/arduinobot_py_examples/arduinobot_py_examples.egg-info/SOURCES.txt'
[1.990s] writing manifest file '../../build/arduinobot_py_examples/arduinobot_py_examples.egg-info/SOURCES.txt'
[1.990s] running build
[1.990s] running build_py
[1.991s] running install
[1.999s] running install_lib
[2.030s] running install_data
[2.031s] running install_egg_info
[2.063s] removing '/home/nazmul/arduinobot_ws/install/arduinobot_py_examples/lib/python3.12/site-packages/arduinobot_py_examples-0.0.0-py3.12.egg-info' (and everything under it)
[2.064s] Copying ../../build/arduinobot_py_examples/arduinobot_py_examples.egg-info to /home/nazmul/arduinobot_ws/install/arduinobot_py_examples/lib/python3.12/site-packages/arduinobot_py_examples-0.0.0-py3.12.egg-info
[2.065s] running install_scripts
[2.268s] Installing simple_publisher script to /home/nazmul/arduinobot_ws/install/arduinobot_py_examples/lib/arduinobot_py_examples
[2.269s] writing list of installed files to '/home/nazmul/arduinobot_ws/build/arduinobot_py_examples/install.log'
[2.319s] Invoked command in '/home/nazmul/arduinobot_ws/src/arduinobot_py_examples' returned '0': DEBUGINFOD_URLS=https://debuginfod.ubuntu.com PYTHONPATH=/home/nazmul/arduinobot_ws/build/arduinobot_py_examples/prefix_override:/usr/lib/python3/dist-packages/colcon_core/task/python/colcon_distutils_commands:/home/nazmul/arduinobot_ws/install/arduinobot_py_examples/lib/python3.12/site-packages:${PYTHONPATH} /usr/bin/python3 -W ignore:setup.py install is deprecated -W ignore:easy_install command is deprecated setup.py egg_info --egg-base ../../build/arduinobot_py_examples build --build-base /home/nazmul/arduinobot_ws/build/arduinobot_py_examples/build install --record /home/nazmul/arduinobot_ws/build/arduinobot_py_examples/install.log --single-version-externally-managed install_data
