[0.101s] Invoking command in '/home/nazmul/arduinobot_ws/build/arduinobot_description': CMAKE_PREFIX_PATH=${CMAKE_PREFIX_PATH}:/opt/ros/jazzy DEBUGINFOD_URLS=https://debuginfod.ubuntu.com /usr/bin/cmake --build /home/nazmul/arduinobot_ws/build/arduinobot_description -- -j4 -l4
[1.086s] Invoked command in '/home/nazmul/arduinobot_ws/build/arduinobot_description' returned '0': CMAKE_PREFIX_PATH=${CMAKE_PREFIX_PATH}:/opt/ros/jazzy DEBUGINFOD_URLS=https://debuginfod.ubuntu.com /usr/bin/cmake --build /home/nazmul/arduinobot_ws/build/arduinobot_description -- -j4 -l4
[1.089s] Invoking command in '/home/nazmul/arduinobot_ws/build/arduinobot_description': CMAKE_PREFIX_PATH=${CMAKE_PREFIX_PATH}:/opt/ros/jazzy DEBUGINFOD_URLS=https://debuginfod.ubuntu.com /usr/bin/cmake --install /home/nazmul/arduinobot_ws/build/arduinobot_description
[1.163s] -- Install configuration: ""
[1.164s] -- Up-to-date: /home/nazmul/arduinobot_ws/install/arduinobot_description/share/arduinobot_description/meshes
[1.165s] -- Up-to-date: /home/nazmul/arduinobot_ws/install/arduinobot_description/share/arduinobot_description/meshes/triangular_link.STL
[1.165s] -- Installing: /home/nazmul/arduinobot_ws/install/arduinobot_description/share/arduinobot_description/meshes/pi_camera.STL
[1.174s] -- Up-to-date: /home/nazmul/arduinobot_ws/install/arduinobot_description/share/arduinobot_description/meshes/plate.STL
[1.175s] -- Up-to-date: /home/nazmul/arduinobot_ws/install/arduinobot_description/share/arduinobot_description/meshes/horizontal_arm.STL
[1.185s] -- Up-to-date: /home/nazmul/arduinobot_ws/install/arduinobot_description/share/arduinobot_description/meshes/left_finger.STL
[1.185s] -- Up-to-date: /home/nazmul/arduinobot_ws/install/arduinobot_description/share/arduinobot_description/meshes/vertical_drive_arm.STL
[1.185s] -- Up-to-date: /home/nazmul/arduinobot_ws/install/arduinobot_description/share/arduinobot_description/meshes/right_finger.STL
[1.186s] -- Up-to-date: /home/nazmul/arduinobot_ws/install/arduinobot_description/share/arduinobot_description/meshes/link.STL
[1.186s] -- Up-to-date: /home/nazmul/arduinobot_ws/install/arduinobot_description/share/arduinobot_description/meshes/base_plate.STL
[1.189s] -- Up-to-date: /home/nazmul/arduinobot_ws/install/arduinobot_description/share/arduinobot_description/meshes/round_plate.STL
[1.195s] -- Up-to-date: /home/nazmul/arduinobot_ws/install/arduinobot_description/share/arduinobot_description/meshes/forward_drive_arm.STL
[1.195s] -- Up-to-date: /home/nazmul/arduinobot_ws/install/arduinobot_description/share/arduinobot_description/meshes/basement.STL
[1.195s] -- Up-to-date: /home/nazmul/arduinobot_ws/install/arduinobot_description/share/arduinobot_description/meshes/servo_plate.STL
[1.196s] -- Up-to-date: /home/nazmul/arduinobot_ws/install/arduinobot_description/share/arduinobot_description/meshes/claw_support.STL
[1.196s] -- Up-to-date: /home/nazmul/arduinobot_ws/install/arduinobot_description/share/arduinobot_description/urdf
[1.196s] -- Installing: /home/nazmul/arduinobot_ws/install/arduinobot_description/share/arduinobot_description/urdf/arduinobot.urdf.xacro
[1.201s] -- Up-to-date: /home/nazmul/arduinobot_ws/install/arduinobot_description/share/arduinobot_description/launch
[1.202s] -- Up-to-date: /home/nazmul/arduinobot_ws/install/arduinobot_description/share/arduinobot_description/launch/display.launch.py
[1.202s] -- Up-to-date: /home/nazmul/arduinobot_ws/install/arduinobot_description/share/arduinobot_description/rviz
[1.202s] -- Up-to-date: /home/nazmul/arduinobot_ws/install/arduinobot_description/share/arduinobot_description/rviz/display.rviz
[1.203s] -- Up-to-date: /home/nazmul/arduinobot_ws/install/arduinobot_description/share/ament_index/resource_index/package_run_dependencies/arduinobot_description
[1.203s] -- Up-to-date: /home/nazmul/arduinobot_ws/install/arduinobot_description/share/ament_index/resource_index/parent_prefix_path/arduinobot_description
[1.203s] -- Up-to-date: /home/nazmul/arduinobot_ws/install/arduinobot_description/share/arduinobot_description/environment/ament_prefix_path.sh
[1.203s] -- Up-to-date: /home/nazmul/arduinobot_ws/install/arduinobot_description/share/arduinobot_description/environment/ament_prefix_path.dsv
[1.203s] -- Up-to-date: /home/nazmul/arduinobot_ws/install/arduinobot_description/share/arduinobot_description/environment/path.sh
[1.203s] -- Up-to-date: /home/nazmul/arduinobot_ws/install/arduinobot_description/share/arduinobot_description/environment/path.dsv
[1.204s] -- Up-to-date: /home/nazmul/arduinobot_ws/install/arduinobot_description/share/arduinobot_description/local_setup.bash
[1.204s] -- Up-to-date: /home/nazmul/arduinobot_ws/install/arduinobot_description/share/arduinobot_description/local_setup.sh
[1.204s] -- Up-to-date: /home/nazmul/arduinobot_ws/install/arduinobot_description/share/arduinobot_description/local_setup.zsh
[1.204s] -- Up-to-date: /home/nazmul/arduinobot_ws/install/arduinobot_description/share/arduinobot_description/local_setup.dsv
[1.204s] -- Installing: /home/nazmul/arduinobot_ws/install/arduinobot_description/share/arduinobot_description/package.dsv
[1.205s] -- Up-to-date: /home/nazmul/arduinobot_ws/install/arduinobot_description/share/ament_index/resource_index/packages/arduinobot_description
[1.208s] -- Up-to-date: /home/nazmul/arduinobot_ws/install/arduinobot_description/share/arduinobot_description/cmake/arduinobot_descriptionConfig.cmake
[1.208s] -- Up-to-date: /home/nazmul/arduinobot_ws/install/arduinobot_description/share/arduinobot_description/cmake/arduinobot_descriptionConfig-version.cmake
[1.209s] -- Up-to-date: /home/nazmul/arduinobot_ws/install/arduinobot_description/share/arduinobot_description/package.xml
[1.266s] Invoked command in '/home/nazmul/arduinobot_ws/build/arduinobot_description' returned '0': CMAKE_PREFIX_PATH=${CMAKE_PREFIX_PATH}:/opt/ros/jazzy DEBUGINFOD_URLS=https://debuginfod.ubuntu.com /usr/bin/cmake --install /home/nazmul/arduinobot_ws/build/arduinobot_description
