[0.070s] Invoking command in '/home/nazmul/arduinobot_ws/build/arduinobot_cpp_examples': CMAKE_PREFIX_PATH=${CMAKE_PREFIX_PATH}:/opt/ros/jazzy DEBUGINFOD_URLS=https://debuginfod.ubuntu.com /usr/bin/cmake --build /home/nazmul/arduinobot_ws/build/arduinobot_cpp_examples -- -j4 -l4
[0.953s] Invoked command in '/home/nazmul/arduinobot_ws/build/arduinobot_cpp_examples' returned '0': CMAKE_PREFIX_PATH=${CMAKE_PREFIX_PATH}:/opt/ros/jazzy DEBUGINFOD_URLS=https://debuginfod.ubuntu.com /usr/bin/cmake --build /home/nazmul/arduinobot_ws/build/arduinobot_cpp_examples -- -j4 -l4
[0.954s] Invoking command in '/home/nazmul/arduinobot_ws/build/arduinobot_cpp_examples': CMAKE_PREFIX_PATH=${CMAKE_PREFIX_PATH}:/opt/ros/jazzy DEBUGINFOD_URLS=https://debuginfod.ubuntu.com /usr/bin/cmake --install /home/nazmul/arduinobot_ws/build/arduinobot_cpp_examples
[0.979s] -- Install configuration: ""
[0.980s] -- Up-to-date: /home/nazmul/arduinobot_ws/install/arduinobot_cpp_examples/share/ament_index/resource_index/package_run_dependencies/arduinobot_cpp_examples
[0.980s] -- Up-to-date: /home/nazmul/arduinobot_ws/install/arduinobot_cpp_examples/share/ament_index/resource_index/parent_prefix_path/arduinobot_cpp_examples
[0.982s] -- Up-to-date: /home/nazmul/arduinobot_ws/install/arduinobot_cpp_examples/share/arduinobot_cpp_examples/environment/ament_prefix_path.sh
[0.982s] -- Up-to-date: /home/nazmul/arduinobot_ws/install/arduinobot_cpp_examples/share/arduinobot_cpp_examples/environment/ament_prefix_path.dsv
[0.982s] -- Up-to-date: /home/nazmul/arduinobot_ws/install/arduinobot_cpp_examples/share/arduinobot_cpp_examples/environment/path.sh
[0.982s] -- Up-to-date: /home/nazmul/arduinobot_ws/install/arduinobot_cpp_examples/share/arduinobot_cpp_examples/environment/path.dsv
[0.983s] -- Up-to-date: /home/nazmul/arduinobot_ws/install/arduinobot_cpp_examples/share/arduinobot_cpp_examples/local_setup.bash
[0.983s] -- Up-to-date: /home/nazmul/arduinobot_ws/install/arduinobot_cpp_examples/share/arduinobot_cpp_examples/local_setup.sh
[0.985s] -- Up-to-date: /home/nazmul/arduinobot_ws/install/arduinobot_cpp_examples/share/arduinobot_cpp_examples/local_setup.zsh
[0.985s] -- Up-to-date: /home/nazmul/arduinobot_ws/install/arduinobot_cpp_examples/share/arduinobot_cpp_examples/local_setup.dsv
[0.986s] -- Installing: /home/nazmul/arduinobot_ws/install/arduinobot_cpp_examples/share/arduinobot_cpp_examples/package.dsv
[0.986s] -- Up-to-date: /home/nazmul/arduinobot_ws/install/arduinobot_cpp_examples/share/ament_index/resource_index/packages/arduinobot_cpp_examples
[0.990s] -- Up-to-date: /home/nazmul/arduinobot_ws/install/arduinobot_cpp_examples/share/arduinobot_cpp_examples/cmake/arduinobot_cpp_examplesConfig.cmake
[0.990s] -- Up-to-date: /home/nazmul/arduinobot_ws/install/arduinobot_cpp_examples/share/arduinobot_cpp_examples/cmake/arduinobot_cpp_examplesConfig-version.cmake
[0.991s] -- Up-to-date: /home/nazmul/arduinobot_ws/install/arduinobot_cpp_examples/share/arduinobot_cpp_examples/package.xml
[1.008s] Invoked command in '/home/nazmul/arduinobot_ws/build/arduinobot_cpp_examples' returned '0': CMAKE_PREFIX_PATH=${CMAKE_PREFIX_PATH}:/opt/ros/jazzy DEBUGINFOD_URLS=https://debuginfod.ubuntu.com /usr/bin/cmake --install /home/nazmul/arduinobot_ws/build/arduinobot_cpp_examples
