[0.046s] Invoking command in '/home/nazmul/arduinobot_ws/build/arduinobot_description': CMAKE_PREFIX_PATH=${CMAKE_PREFIX_PATH}:/opt/ros/jazzy DEBUGINFOD_URLS=https://debuginfod.ubuntu.com /usr/bin/cmake --build /home/nazmul/arduinobot_ws/build/arduinobot_description -- -j4 -l4
[0.588s] Invoked command in '/home/nazmul/arduinobot_ws/build/arduinobot_description' returned '0': CMAKE_PREFIX_PATH=${CMAKE_PREFIX_PATH}:/opt/ros/jazzy DEBUGINFOD_URLS=https://debuginfod.ubuntu.com /usr/bin/cmake --build /home/nazmul/arduinobot_ws/build/arduinobot_description -- -j4 -l4
[0.614s] Invoking command in '/home/nazmul/arduinobot_ws/build/arduinobot_description': CMAKE_PREFIX_PATH=${CMAKE_PREFIX_PATH}:/opt/ros/jazzy DEBUGINFOD_URLS=https://debuginfod.ubuntu.com /usr/bin/cmake --install /home/nazmul/arduinobot_ws/build/arduinobot_description
[0.637s] -- Install configuration: ""
[0.638s] -- Up-to-date: /home/nazmul/arduinobot_ws/install/arduinobot_description/share/arduinobot_description/meshes
[0.641s] -- Up-to-date: /home/nazmul/arduinobot_ws/install/arduinobot_description/share/arduinobot_description/meshes/triangular_link.STL
[0.641s] -- Up-to-date: /home/nazmul/arduinobot_ws/install/arduinobot_description/share/arduinobot_description/meshes/plate.STL
[0.642s] -- Up-to-date: /home/nazmul/arduinobot_ws/install/arduinobot_description/share/arduinobot_description/meshes/horizontal_arm.STL
[0.642s] -- Up-to-date: /home/nazmul/arduinobot_ws/install/arduinobot_description/share/arduinobot_description/meshes/left_finger.STL
[0.642s] -- Up-to-date: /home/nazmul/arduinobot_ws/install/arduinobot_description/share/arduinobot_description/meshes/vertical_drive_arm.STL
[0.643s] -- Up-to-date: /home/nazmul/arduinobot_ws/install/arduinobot_description/share/arduinobot_description/meshes/right_finger.STL
[0.645s] -- Up-to-date: /home/nazmul/arduinobot_ws/install/arduinobot_description/share/arduinobot_description/meshes/link.STL
[0.646s] -- Up-to-date: /home/nazmul/arduinobot_ws/install/arduinobot_description/share/arduinobot_description/meshes/base_plate.STL
[0.646s] -- Up-to-date: /home/nazmul/arduinobot_ws/install/arduinobot_description/share/arduinobot_description/meshes/round_plate.STL
[0.646s] -- Up-to-date: /home/nazmul/arduinobot_ws/install/arduinobot_description/share/arduinobot_description/meshes/forward_drive_arm.STL
[0.647s] -- Up-to-date: /home/nazmul/arduinobot_ws/install/arduinobot_description/share/arduinobot_description/meshes/basement.STL
[0.647s] -- Up-to-date: /home/nazmul/arduinobot_ws/install/arduinobot_description/share/arduinobot_description/meshes/servo_plate.STL
[0.648s] -- Up-to-date: /home/nazmul/arduinobot_ws/install/arduinobot_description/share/arduinobot_description/meshes/claw_support.STL
[0.648s] -- Up-to-date: /home/nazmul/arduinobot_ws/install/arduinobot_description/share/arduinobot_description/urdf
[0.649s] -- Installing: /home/nazmul/arduinobot_ws/install/arduinobot_description/share/arduinobot_description/urdf/arduinobot.urdf.xacro
[0.649s] -- Up-to-date: /home/nazmul/arduinobot_ws/install/arduinobot_description/share/ament_index/resource_index/package_run_dependencies/arduinobot_description
[0.649s] -- Up-to-date: /home/nazmul/arduinobot_ws/install/arduinobot_description/share/ament_index/resource_index/parent_prefix_path/arduinobot_description
[0.650s] -- Up-to-date: /home/nazmul/arduinobot_ws/install/arduinobot_description/share/arduinobot_description/environment/ament_prefix_path.sh
[0.651s] -- Up-to-date: /home/nazmul/arduinobot_ws/install/arduinobot_description/share/arduinobot_description/environment/ament_prefix_path.dsv
[0.652s] -- Up-to-date: /home/nazmul/arduinobot_ws/install/arduinobot_description/share/arduinobot_description/environment/path.sh
[0.652s] -- Up-to-date: /home/nazmul/arduinobot_ws/install/arduinobot_description/share/arduinobot_description/environment/path.dsv
[0.653s] -- Up-to-date: /home/nazmul/arduinobot_ws/install/arduinobot_description/share/arduinobot_description/local_setup.bash
[0.654s] -- Up-to-date: /home/nazmul/arduinobot_ws/install/arduinobot_description/share/arduinobot_description/local_setup.sh
[0.655s] -- Up-to-date: /home/nazmul/arduinobot_ws/install/arduinobot_description/share/arduinobot_description/local_setup.zsh
[0.655s] -- Up-to-date: /home/nazmul/arduinobot_ws/install/arduinobot_description/share/arduinobot_description/local_setup.dsv
[0.656s] -- Installing: /home/nazmul/arduinobot_ws/install/arduinobot_description/share/arduinobot_description/package.dsv
[0.656s] -- Up-to-date: /home/nazmul/arduinobot_ws/install/arduinobot_description/share/ament_index/resource_index/packages/arduinobot_description
[0.657s] -- Up-to-date: /home/nazmul/arduinobot_ws/install/arduinobot_description/share/arduinobot_description/cmake/arduinobot_descriptionConfig.cmake
[0.657s] -- Up-to-date: /home/nazmul/arduinobot_ws/install/arduinobot_description/share/arduinobot_description/cmake/arduinobot_descriptionConfig-version.cmake
[0.658s] -- Up-to-date: /home/nazmul/arduinobot_ws/install/arduinobot_description/share/arduinobot_description/package.xml
[0.668s] Invoked command in '/home/nazmul/arduinobot_ws/build/arduinobot_description' returned '0': CMAKE_PREFIX_PATH=${CMAKE_PREFIX_PATH}:/opt/ros/jazzy DEBUGINFOD_URLS=https://debuginfod.ubuntu.com /usr/bin/cmake --install /home/nazmul/arduinobot_ws/build/arduinobot_description
