[0.217s] DEBUG:colcon:Command line arguments: ['/usr/bin/colcon', 'build']
[0.217s] DEBUG:colcon:Parsed command line arguments: Namespace(log_base=None, log_level=None, verb_name='build', build_base='build', install_base='install', merge_install=False, symlink_install=False, test_result_base=None, continue_on_error=False, executor='parallel', parallel_workers=4, event_handlers=None, ignore_user_meta=False, metas=['./colcon.meta'], base_paths=['.'], packages_ignore=None, packages_ignore_regex=None, paths=None, packages_up_to=None, packages_up_to_regex=None, packages_above=None, packages_above_and_dependencies=None, packages_above_depth=None, packages_select_by_dep=None, packages_skip_by_dep=None, packages_skip_up_to=None, packages_select_build_failed=False, packages_skip_build_finished=False, packages_select_test_failures=False, packages_skip_test_passed=False, packages_select=None, packages_skip=None, packages_select_regex=None, packages_skip_regex=None, packages_start=None, packages_end=None, allow_overriding=[], cmake_args=None, cmake_target=None, cmake_target_skip_unavailable=False, cmake_clean_cache=False, cmake_clean_first=False, cmake_force_configure=False, ament_cmake_args=None, catkin_cmake_args=None, catkin_skip_building_tests=False, mixin_files=None, mixin=None, verb_parser=<colcon_mixin.mixin.mixin_argument.MixinArgumentDecorator object at 0x717db7f8c140>, verb_extension=<colcon_core.verb.build.BuildVerb object at 0x717db7f57b90>, main=<bound method BuildVerb.main of <colcon_core.verb.build.BuildVerb object at 0x717db7f57b90>>, mixin_verb=('build',))
[0.295s] Level 1:colcon.colcon_core.package_discovery:discover_packages(colcon_meta) check parameters
[0.296s] Level 1:colcon.colcon_core.package_discovery:discover_packages(recursive) check parameters
[0.296s] Level 1:colcon.colcon_core.package_discovery:discover_packages(ignore) check parameters
[0.296s] Level 1:colcon.colcon_core.package_discovery:discover_packages(path) check parameters
[0.296s] Level 1:colcon.colcon_core.package_discovery:discover_packages(colcon_meta) discover
[0.296s] Level 1:colcon.colcon_core.package_discovery:discover_packages(recursive) discover
[0.296s] INFO:colcon.colcon_core.package_discovery:Crawling recursively for packages in '/home/nazmul/arduinobot_ws'
[0.297s] Level 1:colcon.colcon_core.package_identification:_identify(.) by extensions ['ignore', 'ignore_ament_install']
[0.297s] Level 1:colcon.colcon_core.package_identification:_identify(.) by extension 'ignore'
[0.297s] Level 1:colcon.colcon_core.package_identification:_identify(.) by extension 'ignore_ament_install'
[0.297s] Level 1:colcon.colcon_core.package_identification:_identify(.) by extensions ['colcon_pkg']
[0.297s] Level 1:colcon.colcon_core.package_identification:_identify(.) by extension 'colcon_pkg'
[0.297s] Level 1:colcon.colcon_core.package_identification:_identify(.) by extensions ['colcon_meta']
[0.298s] Level 1:colcon.colcon_core.package_identification:_identify(.) by extension 'colcon_meta'
[0.298s] Level 1:colcon.colcon_core.package_identification:_identify(.) by extensions ['ros']
[0.298s] Level 1:colcon.colcon_core.package_identification:_identify(.) by extension 'ros'
[0.353s] Level 1:colcon.colcon_core.package_identification:_identify(.) by extensions ['cmake', 'python']
[0.353s] Level 1:colcon.colcon_core.package_identification:_identify(.) by extension 'cmake'
[0.353s] Level 1:colcon.colcon_core.package_identification:_identify(.) by extension 'python'
[0.354s] Level 1:colcon.colcon_core.package_identification:_identify(.) by extensions ['python_setup_py']
[0.354s] Level 1:colcon.colcon_core.package_identification:_identify(.) by extension 'python_setup_py'
[0.354s] Level 1:colcon.colcon_core.package_identification:_identify(build) by extensions ['ignore', 'ignore_ament_install']
[0.354s] Level 1:colcon.colcon_core.package_identification:_identify(build) by extension 'ignore'
[0.355s] Level 1:colcon.colcon_core.package_identification:_identify(build) ignored
[0.355s] Level 1:colcon.colcon_core.package_identification:_identify(install) by extensions ['ignore', 'ignore_ament_install']
[0.355s] Level 1:colcon.colcon_core.package_identification:_identify(install) by extension 'ignore'
[0.355s] Level 1:colcon.colcon_core.package_identification:_identify(install) ignored
[0.356s] Level 1:colcon.colcon_core.package_identification:_identify(log) by extensions ['ignore', 'ignore_ament_install']
[0.356s] Level 1:colcon.colcon_core.package_identification:_identify(log) by extension 'ignore'
[0.356s] Level 1:colcon.colcon_core.package_identification:_identify(log) ignored
[0.356s] Level 1:colcon.colcon_core.package_identification:_identify(src) by extensions ['ignore', 'ignore_ament_install']
[0.356s] Level 1:colcon.colcon_core.package_identification:_identify(src) by extension 'ignore'
[0.357s] Level 1:colcon.colcon_core.package_identification:_identify(src) by extension 'ignore_ament_install'
[0.357s] Level 1:colcon.colcon_core.package_identification:_identify(src) by extensions ['colcon_pkg']
[0.357s] Level 1:colcon.colcon_core.package_identification:_identify(src) by extension 'colcon_pkg'
[0.357s] Level 1:colcon.colcon_core.package_identification:_identify(src) by extensions ['colcon_meta']
[0.357s] Level 1:colcon.colcon_core.package_identification:_identify(src) by extension 'colcon_meta'
[0.357s] Level 1:colcon.colcon_core.package_identification:_identify(src) by extensions ['ros']
[0.357s] Level 1:colcon.colcon_core.package_identification:_identify(src) by extension 'ros'
[0.357s] Level 1:colcon.colcon_core.package_identification:_identify(src) by extensions ['cmake', 'python']
[0.357s] Level 1:colcon.colcon_core.package_identification:_identify(src) by extension 'cmake'
[0.357s] Level 1:colcon.colcon_core.package_identification:_identify(src) by extension 'python'
[0.357s] Level 1:colcon.colcon_core.package_identification:_identify(src) by extensions ['python_setup_py']
[0.358s] Level 1:colcon.colcon_core.package_identification:_identify(src) by extension 'python_setup_py'
[0.358s] Level 1:colcon.colcon_core.package_identification:_identify(src/arduinobot_cpp_examples) by extensions ['ignore', 'ignore_ament_install']
[0.358s] Level 1:colcon.colcon_core.package_identification:_identify(src/arduinobot_cpp_examples) by extension 'ignore'
[0.358s] Level 1:colcon.colcon_core.package_identification:_identify(src/arduinobot_cpp_examples) by extension 'ignore_ament_install'
[0.358s] Level 1:colcon.colcon_core.package_identification:_identify(src/arduinobot_cpp_examples) by extensions ['colcon_pkg']
[0.358s] Level 1:colcon.colcon_core.package_identification:_identify(src/arduinobot_cpp_examples) by extension 'colcon_pkg'
[0.358s] Level 1:colcon.colcon_core.package_identification:_identify(src/arduinobot_cpp_examples) by extensions ['colcon_meta']
[0.359s] Level 1:colcon.colcon_core.package_identification:_identify(src/arduinobot_cpp_examples) by extension 'colcon_meta'
[0.359s] Level 1:colcon.colcon_core.package_identification:_identify(src/arduinobot_cpp_examples) by extensions ['ros']
[0.359s] Level 1:colcon.colcon_core.package_identification:_identify(src/arduinobot_cpp_examples) by extension 'ros'
[0.363s] DEBUG:colcon.colcon_core.package_identification:Package 'src/arduinobot_cpp_examples' with type 'ros.ament_cmake' and name 'arduinobot_cpp_examples'
[0.363s] Level 1:colcon.colcon_core.package_identification:_identify(src/arduinobot_description) by extensions ['ignore', 'ignore_ament_install']
[0.363s] Level 1:colcon.colcon_core.package_identification:_identify(src/arduinobot_description) by extension 'ignore'
[0.364s] Level 1:colcon.colcon_core.package_identification:_identify(src/arduinobot_description) by extension 'ignore_ament_install'
[0.364s] Level 1:colcon.colcon_core.package_identification:_identify(src/arduinobot_description) by extensions ['colcon_pkg']
[0.364s] Level 1:colcon.colcon_core.package_identification:_identify(src/arduinobot_description) by extension 'colcon_pkg'
[0.364s] Level 1:colcon.colcon_core.package_identification:_identify(src/arduinobot_description) by extensions ['colcon_meta']
[0.364s] Level 1:colcon.colcon_core.package_identification:_identify(src/arduinobot_description) by extension 'colcon_meta'
[0.364s] Level 1:colcon.colcon_core.package_identification:_identify(src/arduinobot_description) by extensions ['ros']
[0.364s] Level 1:colcon.colcon_core.package_identification:_identify(src/arduinobot_description) by extension 'ros'
[0.365s] DEBUG:colcon.colcon_core.package_identification:Package 'src/arduinobot_description' with type 'ros.ament_cmake' and name 'arduinobot_description'
[0.365s] Level 1:colcon.colcon_core.package_identification:_identify(src/arduinobot_py_examples) by extensions ['ignore', 'ignore_ament_install']
[0.365s] Level 1:colcon.colcon_core.package_identification:_identify(src/arduinobot_py_examples) by extension 'ignore'
[0.366s] Level 1:colcon.colcon_core.package_identification:_identify(src/arduinobot_py_examples) by extension 'ignore_ament_install'
[0.366s] Level 1:colcon.colcon_core.package_identification:_identify(src/arduinobot_py_examples) by extensions ['colcon_pkg']
[0.366s] Level 1:colcon.colcon_core.package_identification:_identify(src/arduinobot_py_examples) by extension 'colcon_pkg'
[0.366s] Level 1:colcon.colcon_core.package_identification:_identify(src/arduinobot_py_examples) by extensions ['colcon_meta']
[0.366s] Level 1:colcon.colcon_core.package_identification:_identify(src/arduinobot_py_examples) by extension 'colcon_meta'
[0.366s] Level 1:colcon.colcon_core.package_identification:_identify(src/arduinobot_py_examples) by extensions ['ros']
[0.366s] Level 1:colcon.colcon_core.package_identification:_identify(src/arduinobot_py_examples) by extension 'ros'
[0.367s] DEBUG:colcon.colcon_core.package_identification:Package 'src/arduinobot_py_examples' with type 'ros.ament_python' and name 'arduinobot_py_examples'
[0.367s] Level 1:colcon.colcon_core.package_discovery:discover_packages(recursive) using defaults
[0.367s] Level 1:colcon.colcon_core.package_discovery:discover_packages(ignore) discover
[0.367s] Level 1:colcon.colcon_core.package_discovery:discover_packages(ignore) using defaults
[0.367s] Level 1:colcon.colcon_core.package_discovery:discover_packages(path) discover
[0.367s] Level 1:colcon.colcon_core.package_discovery:discover_packages(path) using defaults
[0.402s] Level 1:colcon.colcon_core.package_discovery:discover_packages(prefix_path) check parameters
[0.402s] Level 1:colcon.colcon_core.package_discovery:discover_packages(prefix_path) discover
[0.409s] DEBUG:colcon.colcon_installed_package_information.package_discovery:Found 439 installed packages in /opt/ros/jazzy
[0.412s] Level 1:colcon.colcon_core.package_discovery:discover_packages(prefix_path) using defaults
[0.528s] Level 5:colcon.colcon_core.verb:set package 'arduinobot_cpp_examples' build argument 'cmake_args' from command line to 'None'
[0.528s] Level 5:colcon.colcon_core.verb:set package 'arduinobot_cpp_examples' build argument 'cmake_target' from command line to 'None'
[0.528s] Level 5:colcon.colcon_core.verb:set package 'arduinobot_cpp_examples' build argument 'cmake_target_skip_unavailable' from command line to 'False'
[0.528s] Level 5:colcon.colcon_core.verb:set package 'arduinobot_cpp_examples' build argument 'cmake_clean_cache' from command line to 'False'
[0.528s] Level 5:colcon.colcon_core.verb:set package 'arduinobot_cpp_examples' build argument 'cmake_clean_first' from command line to 'False'
[0.528s] Level 5:colcon.colcon_core.verb:set package 'arduinobot_cpp_examples' build argument 'cmake_force_configure' from command line to 'False'
[0.528s] Level 5:colcon.colcon_core.verb:set package 'arduinobot_cpp_examples' build argument 'ament_cmake_args' from command line to 'None'
[0.528s] Level 5:colcon.colcon_core.verb:set package 'arduinobot_cpp_examples' build argument 'catkin_cmake_args' from command line to 'None'
[0.528s] Level 5:colcon.colcon_core.verb:set package 'arduinobot_cpp_examples' build argument 'catkin_skip_building_tests' from command line to 'False'
[0.529s] DEBUG:colcon.colcon_core.verb:Building package 'arduinobot_cpp_examples' with the following arguments: {'ament_cmake_args': None, 'build_base': '/home/nazmul/arduinobot_ws/build/arduinobot_cpp_examples', 'catkin_cmake_args': None, 'catkin_skip_building_tests': False, 'cmake_args': None, 'cmake_clean_cache': False, 'cmake_clean_first': False, 'cmake_force_configure': False, 'cmake_target': None, 'cmake_target_skip_unavailable': False, 'install_base': '/home/nazmul/arduinobot_ws/install/arduinobot_cpp_examples', 'merge_install': False, 'path': '/home/nazmul/arduinobot_ws/src/arduinobot_cpp_examples', 'symlink_install': False, 'test_result_base': None}
[0.529s] Level 5:colcon.colcon_core.verb:set package 'arduinobot_description' build argument 'cmake_args' from command line to 'None'
[0.529s] Level 5:colcon.colcon_core.verb:set package 'arduinobot_description' build argument 'cmake_target' from command line to 'None'
[0.529s] Level 5:colcon.colcon_core.verb:set package 'arduinobot_description' build argument 'cmake_target_skip_unavailable' from command line to 'False'
[0.529s] Level 5:colcon.colcon_core.verb:set package 'arduinobot_description' build argument 'cmake_clean_cache' from command line to 'False'
[0.529s] Level 5:colcon.colcon_core.verb:set package 'arduinobot_description' build argument 'cmake_clean_first' from command line to 'False'
[0.529s] Level 5:colcon.colcon_core.verb:set package 'arduinobot_description' build argument 'cmake_force_configure' from command line to 'False'
[0.529s] Level 5:colcon.colcon_core.verb:set package 'arduinobot_description' build argument 'ament_cmake_args' from command line to 'None'
[0.529s] Level 5:colcon.colcon_core.verb:set package 'arduinobot_description' build argument 'catkin_cmake_args' from command line to 'None'
[0.529s] Level 5:colcon.colcon_core.verb:set package 'arduinobot_description' build argument 'catkin_skip_building_tests' from command line to 'False'
[0.530s] DEBUG:colcon.colcon_core.verb:Building package 'arduinobot_description' with the following arguments: {'ament_cmake_args': None, 'build_base': '/home/nazmul/arduinobot_ws/build/arduinobot_description', 'catkin_cmake_args': None, 'catkin_skip_building_tests': False, 'cmake_args': None, 'cmake_clean_cache': False, 'cmake_clean_first': False, 'cmake_force_configure': False, 'cmake_target': None, 'cmake_target_skip_unavailable': False, 'install_base': '/home/nazmul/arduinobot_ws/install/arduinobot_description', 'merge_install': False, 'path': '/home/nazmul/arduinobot_ws/src/arduinobot_description', 'symlink_install': False, 'test_result_base': None}
[0.530s] Level 5:colcon.colcon_core.verb:set package 'arduinobot_py_examples' build argument 'cmake_args' from command line to 'None'
[0.530s] Level 5:colcon.colcon_core.verb:set package 'arduinobot_py_examples' build argument 'cmake_target' from command line to 'None'
[0.530s] Level 5:colcon.colcon_core.verb:set package 'arduinobot_py_examples' build argument 'cmake_target_skip_unavailable' from command line to 'False'
[0.530s] Level 5:colcon.colcon_core.verb:set package 'arduinobot_py_examples' build argument 'cmake_clean_cache' from command line to 'False'
[0.530s] Level 5:colcon.colcon_core.verb:set package 'arduinobot_py_examples' build argument 'cmake_clean_first' from command line to 'False'
[0.530s] Level 5:colcon.colcon_core.verb:set package 'arduinobot_py_examples' build argument 'cmake_force_configure' from command line to 'False'
[0.530s] Level 5:colcon.colcon_core.verb:set package 'arduinobot_py_examples' build argument 'ament_cmake_args' from command line to 'None'
[0.530s] Level 5:colcon.colcon_core.verb:set package 'arduinobot_py_examples' build argument 'catkin_cmake_args' from command line to 'None'
[0.530s] Level 5:colcon.colcon_core.verb:set package 'arduinobot_py_examples' build argument 'catkin_skip_building_tests' from command line to 'False'
[0.530s] DEBUG:colcon.colcon_core.verb:Building package 'arduinobot_py_examples' with the following arguments: {'ament_cmake_args': None, 'build_base': '/home/nazmul/arduinobot_ws/build/arduinobot_py_examples', 'catkin_cmake_args': None, 'catkin_skip_building_tests': False, 'cmake_args': None, 'cmake_clean_cache': False, 'cmake_clean_first': False, 'cmake_force_configure': False, 'cmake_target': None, 'cmake_target_skip_unavailable': False, 'install_base': '/home/nazmul/arduinobot_ws/install/arduinobot_py_examples', 'merge_install': False, 'path': '/home/nazmul/arduinobot_ws/src/arduinobot_py_examples', 'symlink_install': False, 'test_result_base': None}
[0.531s] INFO:colcon.colcon_core.executor:Executing jobs using 'parallel' executor
[0.532s] DEBUG:colcon.colcon_parallel_executor.executor.parallel:run_until_complete
[0.532s] INFO:colcon.colcon_ros.task.ament_cmake.build:Building ROS package in '/home/nazmul/arduinobot_ws/src/arduinobot_cpp_examples' with build type 'ament_cmake'
[0.532s] INFO:colcon.colcon_cmake.task.cmake.build:Building CMake package in '/home/nazmul/arduinobot_ws/src/arduinobot_cpp_examples'
[0.537s] INFO:colcon.colcon_core.plugin_system:Skipping extension 'colcon_core.shell.bat': Not used on non-Windows systems
[0.538s] INFO:colcon.colcon_core.shell:Skip shell extension 'powershell' for command environment: Not usable outside of PowerShell
[0.538s] DEBUG:colcon.colcon_core.shell:Skip shell extension 'dsv' for command environment
[0.547s] INFO:colcon.colcon_ros.task.ament_cmake.build:Building ROS package in '/home/nazmul/arduinobot_ws/src/arduinobot_description' with build type 'ament_cmake'
[0.548s] INFO:colcon.colcon_cmake.task.cmake.build:Building CMake package in '/home/nazmul/arduinobot_ws/src/arduinobot_description'
[0.548s] INFO:colcon.colcon_core.shell:Skip shell extension 'powershell' for command environment: Not usable outside of PowerShell
[0.548s] DEBUG:colcon.colcon_core.shell:Skip shell extension 'dsv' for command environment
[0.556s] INFO:colcon.colcon_ros.task.ament_python.build:Building ROS package in '/home/nazmul/arduinobot_ws/src/arduinobot_py_examples' with build type 'ament_python'
[0.557s] Level 1:colcon.colcon_core.shell:create_environment_hook('arduinobot_py_examples', 'ament_prefix_path')
[0.558s] INFO:colcon.colcon_core.shell:Creating environment hook '/home/nazmul/arduinobot_ws/install/arduinobot_py_examples/share/arduinobot_py_examples/hook/ament_prefix_path.ps1'
[0.560s] INFO:colcon.colcon_core.shell:Creating environment descriptor '/home/nazmul/arduinobot_ws/install/arduinobot_py_examples/share/arduinobot_py_examples/hook/ament_prefix_path.dsv'
[0.561s] INFO:colcon.colcon_core.shell:Creating environment hook '/home/nazmul/arduinobot_ws/install/arduinobot_py_examples/share/arduinobot_py_examples/hook/ament_prefix_path.sh'
[0.563s] INFO:colcon.colcon_core.shell:Skip shell extension 'powershell' for command environment: Not usable outside of PowerShell
[0.563s] DEBUG:colcon.colcon_core.shell:Skip shell extension 'dsv' for command environment
[0.582s] DEBUG:colcon.colcon_core.event_handler.log_command:Invoking command in '/home/nazmul/arduinobot_ws/build/arduinobot_cpp_examples': CMAKE_PREFIX_PATH=${CMAKE_PREFIX_PATH}:/opt/ros/jazzy DEBUGINFOD_URLS=https://debuginfod.ubuntu.com /usr/bin/cmake --build /home/nazmul/arduinobot_ws/build/arduinobot_cpp_examples -- -j4 -l4
[0.594s] DEBUG:colcon.colcon_core.event_handler.log_command:Invoking command in '/home/nazmul/arduinobot_ws/build/arduinobot_description': CMAKE_PREFIX_PATH=${CMAKE_PREFIX_PATH}:/opt/ros/jazzy DEBUGINFOD_URLS=https://debuginfod.ubuntu.com /usr/bin/cmake --build /home/nazmul/arduinobot_ws/build/arduinobot_description -- -j4 -l4
[1.124s] INFO:colcon.colcon_core.task.python.build:Building Python package in '/home/nazmul/arduinobot_ws/src/arduinobot_py_examples'
[1.125s] INFO:colcon.colcon_core.shell:Skip shell extension 'powershell' for command environment: Not usable outside of PowerShell
[1.125s] DEBUG:colcon.colcon_core.shell:Skip shell extension 'dsv' for command environment
[1.136s] DEBUG:colcon.colcon_core.event_handler.log_command:Invoked command in '/home/nazmul/arduinobot_ws/build/arduinobot_description' returned '0': CMAKE_PREFIX_PATH=${CMAKE_PREFIX_PATH}:/opt/ros/jazzy DEBUGINFOD_URLS=https://debuginfod.ubuntu.com /usr/bin/cmake --build /home/nazmul/arduinobot_ws/build/arduinobot_description -- -j4 -l4
[1.161s] DEBUG:colcon.colcon_core.event_handler.log_command:Invoking command in '/home/nazmul/arduinobot_ws/build/arduinobot_description': CMAKE_PREFIX_PATH=${CMAKE_PREFIX_PATH}:/opt/ros/jazzy DEBUGINFOD_URLS=https://debuginfod.ubuntu.com /usr/bin/cmake --install /home/nazmul/arduinobot_ws/build/arduinobot_description
[1.163s] DEBUG:colcon.colcon_core.event_handler.log_command:Invoked command in '/home/nazmul/arduinobot_ws/build/arduinobot_cpp_examples' returned '0': CMAKE_PREFIX_PATH=${CMAKE_PREFIX_PATH}:/opt/ros/jazzy DEBUGINFOD_URLS=https://debuginfod.ubuntu.com /usr/bin/cmake --build /home/nazmul/arduinobot_ws/build/arduinobot_cpp_examples -- -j4 -l4
[1.167s] DEBUG:colcon.colcon_core.event_handler.log_command:Invoking command in '/home/nazmul/arduinobot_ws/build/arduinobot_cpp_examples': CMAKE_PREFIX_PATH=${CMAKE_PREFIX_PATH}:/opt/ros/jazzy DEBUGINFOD_URLS=https://debuginfod.ubuntu.com /usr/bin/cmake --install /home/nazmul/arduinobot_ws/build/arduinobot_cpp_examples
[1.198s] Level 1:colcon.colcon_core.environment:create_environment_scripts_only(arduinobot_description)
[1.214s] Level 1:colcon.colcon_core.environment:checking '/home/nazmul/arduinobot_ws/install/arduinobot_description' for CMake module files
[1.216s] DEBUG:colcon.colcon_core.event_handler.log_command:Invoked command in '/home/nazmul/arduinobot_ws/build/arduinobot_description' returned '0': CMAKE_PREFIX_PATH=${CMAKE_PREFIX_PATH}:/opt/ros/jazzy DEBUGINFOD_URLS=https://debuginfod.ubuntu.com /usr/bin/cmake --install /home/nazmul/arduinobot_ws/build/arduinobot_description
[1.217s] Level 1:colcon.colcon_core.environment:checking '/home/nazmul/arduinobot_ws/install/arduinobot_description' for CMake config files
[1.218s] Level 1:colcon.colcon_core.shell:create_environment_hook('arduinobot_description', 'cmake_prefix_path')
[1.219s] INFO:colcon.colcon_core.shell:Creating environment hook '/home/nazmul/arduinobot_ws/install/arduinobot_description/share/arduinobot_description/hook/cmake_prefix_path.ps1'
[1.220s] INFO:colcon.colcon_core.shell:Creating environment descriptor '/home/nazmul/arduinobot_ws/install/arduinobot_description/share/arduinobot_description/hook/cmake_prefix_path.dsv'
[1.221s] INFO:colcon.colcon_core.shell:Creating environment hook '/home/nazmul/arduinobot_ws/install/arduinobot_description/share/arduinobot_description/hook/cmake_prefix_path.sh'
[1.222s] Level 1:colcon.colcon_core.environment:checking '/home/nazmul/arduinobot_ws/install/arduinobot_description/bin'
[1.223s] Level 1:colcon.colcon_core.environment:checking '/home/nazmul/arduinobot_ws/install/arduinobot_description/lib/pkgconfig/arduinobot_description.pc'
[1.223s] Level 1:colcon.colcon_core.environment:checking '/home/nazmul/arduinobot_ws/install/arduinobot_description/lib/python3.12/site-packages'
[1.224s] Level 1:colcon.colcon_core.environment:checking '/home/nazmul/arduinobot_ws/install/arduinobot_description/bin'
[1.225s] INFO:colcon.colcon_core.shell:Creating package script '/home/nazmul/arduinobot_ws/install/arduinobot_description/share/arduinobot_description/package.ps1'
[1.226s] INFO:colcon.colcon_core.shell:Creating package descriptor '/home/nazmul/arduinobot_ws/install/arduinobot_description/share/arduinobot_description/package.dsv'
[1.227s] INFO:colcon.colcon_core.shell:Creating package script '/home/nazmul/arduinobot_ws/install/arduinobot_description/share/arduinobot_description/package.sh'
[1.228s] INFO:colcon.colcon_core.shell:Creating package script '/home/nazmul/arduinobot_ws/install/arduinobot_description/share/arduinobot_description/package.bash'
[1.229s] INFO:colcon.colcon_core.shell:Creating package script '/home/nazmul/arduinobot_ws/install/arduinobot_description/share/arduinobot_description/package.zsh'
[1.230s] Level 1:colcon.colcon_core.environment:create_file_with_runtime_dependencies(/home/nazmul/arduinobot_ws/install/arduinobot_description/share/colcon-core/packages/arduinobot_description)
[1.231s] Level 1:colcon.colcon_core.environment:create_environment_scripts_only(arduinobot_description)
[1.231s] Level 1:colcon.colcon_core.environment:checking '/home/nazmul/arduinobot_ws/install/arduinobot_description' for CMake module files
[1.232s] Level 1:colcon.colcon_core.environment:checking '/home/nazmul/arduinobot_ws/install/arduinobot_description' for CMake config files
[1.233s] Level 1:colcon.colcon_core.shell:create_environment_hook('arduinobot_description', 'cmake_prefix_path')
[1.233s] INFO:colcon.colcon_core.shell:Creating environment hook '/home/nazmul/arduinobot_ws/install/arduinobot_description/share/arduinobot_description/hook/cmake_prefix_path.ps1'
[1.234s] INFO:colcon.colcon_core.shell:Creating environment descriptor '/home/nazmul/arduinobot_ws/install/arduinobot_description/share/arduinobot_description/hook/cmake_prefix_path.dsv'
[1.234s] INFO:colcon.colcon_core.shell:Creating environment hook '/home/nazmul/arduinobot_ws/install/arduinobot_description/share/arduinobot_description/hook/cmake_prefix_path.sh'
[1.235s] Level 1:colcon.colcon_core.environment:checking '/home/nazmul/arduinobot_ws/install/arduinobot_description/bin'
[1.236s] Level 1:colcon.colcon_core.environment:checking '/home/nazmul/arduinobot_ws/install/arduinobot_description/lib/pkgconfig/arduinobot_description.pc'
[1.236s] Level 1:colcon.colcon_core.environment:checking '/home/nazmul/arduinobot_ws/install/arduinobot_description/lib/python3.12/site-packages'
[1.236s] Level 1:colcon.colcon_core.environment:checking '/home/nazmul/arduinobot_ws/install/arduinobot_description/bin'
[1.237s] INFO:colcon.colcon_core.shell:Creating package script '/home/nazmul/arduinobot_ws/install/arduinobot_description/share/arduinobot_description/package.ps1'
[1.238s] INFO:colcon.colcon_core.shell:Creating package descriptor '/home/nazmul/arduinobot_ws/install/arduinobot_description/share/arduinobot_description/package.dsv'
[1.239s] INFO:colcon.colcon_core.shell:Creating package script '/home/nazmul/arduinobot_ws/install/arduinobot_description/share/arduinobot_description/package.sh'
[1.241s] INFO:colcon.colcon_core.shell:Creating package script '/home/nazmul/arduinobot_ws/install/arduinobot_description/share/arduinobot_description/package.bash'
[1.242s] INFO:colcon.colcon_core.shell:Creating package script '/home/nazmul/arduinobot_ws/install/arduinobot_description/share/arduinobot_description/package.zsh'
[1.244s] Level 1:colcon.colcon_core.environment:create_file_with_runtime_dependencies(/home/nazmul/arduinobot_ws/install/arduinobot_description/share/colcon-core/packages/arduinobot_description)
[1.246s] Level 1:colcon.colcon_core.environment:create_environment_scripts_only(arduinobot_cpp_examples)
[1.247s] Level 1:colcon.colcon_core.environment:checking '/home/nazmul/arduinobot_ws/install/arduinobot_cpp_examples' for CMake module files
[1.249s] DEBUG:colcon.colcon_core.event_handler.log_command:Invoked command in '/home/nazmul/arduinobot_ws/build/arduinobot_cpp_examples' returned '0': CMAKE_PREFIX_PATH=${CMAKE_PREFIX_PATH}:/opt/ros/jazzy DEBUGINFOD_URLS=https://debuginfod.ubuntu.com /usr/bin/cmake --install /home/nazmul/arduinobot_ws/build/arduinobot_cpp_examples
[1.250s] Level 1:colcon.colcon_core.environment:checking '/home/nazmul/arduinobot_ws/install/arduinobot_cpp_examples' for CMake config files
[1.250s] Level 1:colcon.colcon_core.shell:create_environment_hook('arduinobot_cpp_examples', 'cmake_prefix_path')
[1.251s] INFO:colcon.colcon_core.shell:Creating environment hook '/home/nazmul/arduinobot_ws/install/arduinobot_cpp_examples/share/arduinobot_cpp_examples/hook/cmake_prefix_path.ps1'
[1.252s] INFO:colcon.colcon_core.shell:Creating environment descriptor '/home/nazmul/arduinobot_ws/install/arduinobot_cpp_examples/share/arduinobot_cpp_examples/hook/cmake_prefix_path.dsv'
[1.252s] INFO:colcon.colcon_core.shell:Creating environment hook '/home/nazmul/arduinobot_ws/install/arduinobot_cpp_examples/share/arduinobot_cpp_examples/hook/cmake_prefix_path.sh'
[1.253s] Level 1:colcon.colcon_core.environment:checking '/home/nazmul/arduinobot_ws/install/arduinobot_cpp_examples/bin'
[1.253s] Level 1:colcon.colcon_core.environment:checking '/home/nazmul/arduinobot_ws/install/arduinobot_cpp_examples/lib/pkgconfig/arduinobot_cpp_examples.pc'
[1.254s] Level 1:colcon.colcon_core.environment:checking '/home/nazmul/arduinobot_ws/install/arduinobot_cpp_examples/lib/python3.12/site-packages'
[1.254s] Level 1:colcon.colcon_core.environment:checking '/home/nazmul/arduinobot_ws/install/arduinobot_cpp_examples/bin'
[1.255s] INFO:colcon.colcon_core.shell:Creating package script '/home/nazmul/arduinobot_ws/install/arduinobot_cpp_examples/share/arduinobot_cpp_examples/package.ps1'
[1.256s] INFO:colcon.colcon_core.shell:Creating package descriptor '/home/nazmul/arduinobot_ws/install/arduinobot_cpp_examples/share/arduinobot_cpp_examples/package.dsv'
[1.256s] INFO:colcon.colcon_core.shell:Creating package script '/home/nazmul/arduinobot_ws/install/arduinobot_cpp_examples/share/arduinobot_cpp_examples/package.sh'
[1.257s] INFO:colcon.colcon_core.shell:Creating package script '/home/nazmul/arduinobot_ws/install/arduinobot_cpp_examples/share/arduinobot_cpp_examples/package.bash'
[1.258s] INFO:colcon.colcon_core.shell:Creating package script '/home/nazmul/arduinobot_ws/install/arduinobot_cpp_examples/share/arduinobot_cpp_examples/package.zsh'
[1.259s] Level 1:colcon.colcon_core.environment:create_file_with_runtime_dependencies(/home/nazmul/arduinobot_ws/install/arduinobot_cpp_examples/share/colcon-core/packages/arduinobot_cpp_examples)
[1.260s] Level 1:colcon.colcon_core.environment:create_environment_scripts_only(arduinobot_cpp_examples)
[1.260s] Level 1:colcon.colcon_core.environment:checking '/home/nazmul/arduinobot_ws/install/arduinobot_cpp_examples' for CMake module files
[1.262s] Level 1:colcon.colcon_core.environment:checking '/home/nazmul/arduinobot_ws/install/arduinobot_cpp_examples' for CMake config files
[1.262s] Level 1:colcon.colcon_core.shell:create_environment_hook('arduinobot_cpp_examples', 'cmake_prefix_path')
[1.263s] INFO:colcon.colcon_core.shell:Creating environment hook '/home/nazmul/arduinobot_ws/install/arduinobot_cpp_examples/share/arduinobot_cpp_examples/hook/cmake_prefix_path.ps1'
[1.265s] INFO:colcon.colcon_core.shell:Creating environment descriptor '/home/nazmul/arduinobot_ws/install/arduinobot_cpp_examples/share/arduinobot_cpp_examples/hook/cmake_prefix_path.dsv'
[1.266s] INFO:colcon.colcon_core.shell:Creating environment hook '/home/nazmul/arduinobot_ws/install/arduinobot_cpp_examples/share/arduinobot_cpp_examples/hook/cmake_prefix_path.sh'
[1.267s] Level 1:colcon.colcon_core.environment:checking '/home/nazmul/arduinobot_ws/install/arduinobot_cpp_examples/bin'
[1.267s] Level 1:colcon.colcon_core.environment:checking '/home/nazmul/arduinobot_ws/install/arduinobot_cpp_examples/lib/pkgconfig/arduinobot_cpp_examples.pc'
[1.268s] Level 1:colcon.colcon_core.environment:checking '/home/nazmul/arduinobot_ws/install/arduinobot_cpp_examples/lib/python3.12/site-packages'
[1.268s] Level 1:colcon.colcon_core.environment:checking '/home/nazmul/arduinobot_ws/install/arduinobot_cpp_examples/bin'
[1.269s] INFO:colcon.colcon_core.shell:Creating package script '/home/nazmul/arduinobot_ws/install/arduinobot_cpp_examples/share/arduinobot_cpp_examples/package.ps1'
[1.270s] INFO:colcon.colcon_core.shell:Creating package descriptor '/home/nazmul/arduinobot_ws/install/arduinobot_cpp_examples/share/arduinobot_cpp_examples/package.dsv'
[1.271s] INFO:colcon.colcon_core.shell:Creating package script '/home/nazmul/arduinobot_ws/install/arduinobot_cpp_examples/share/arduinobot_cpp_examples/package.sh'
[1.272s] INFO:colcon.colcon_core.shell:Creating package script '/home/nazmul/arduinobot_ws/install/arduinobot_cpp_examples/share/arduinobot_cpp_examples/package.bash'
[1.273s] INFO:colcon.colcon_core.shell:Creating package script '/home/nazmul/arduinobot_ws/install/arduinobot_cpp_examples/share/arduinobot_cpp_examples/package.zsh'
[1.274s] Level 1:colcon.colcon_core.environment:create_file_with_runtime_dependencies(/home/nazmul/arduinobot_ws/install/arduinobot_cpp_examples/share/colcon-core/packages/arduinobot_cpp_examples)
[2.462s] DEBUG:colcon.colcon_core.event_handler.log_command:Invoking command in '/home/nazmul/arduinobot_ws/src/arduinobot_py_examples': DEBUGINFOD_URLS=https://debuginfod.ubuntu.com PYTHONPATH=/home/nazmul/arduinobot_ws/build/arduinobot_py_examples/prefix_override:/usr/lib/python3/dist-packages/colcon_core/task/python/colcon_distutils_commands:/home/nazmul/arduinobot_ws/install/arduinobot_py_examples/lib/python3.12/site-packages:${PYTHONPATH} /usr/bin/python3 -W ignore:setup.py install is deprecated -W ignore:easy_install command is deprecated setup.py egg_info --egg-base ../../build/arduinobot_py_examples build --build-base /home/nazmul/arduinobot_ws/build/arduinobot_py_examples/build install --record /home/nazmul/arduinobot_ws/build/arduinobot_py_examples/install.log --single-version-externally-managed install_data
[3.625s] Level 1:colcon.colcon_core.environment:checking '/home/nazmul/arduinobot_ws/install/arduinobot_py_examples' for CMake module files
[3.626s] DEBUG:colcon.colcon_core.event_handler.log_command:Invoked command in '/home/nazmul/arduinobot_ws/src/arduinobot_py_examples' returned '0': DEBUGINFOD_URLS=https://debuginfod.ubuntu.com PYTHONPATH=/home/nazmul/arduinobot_ws/build/arduinobot_py_examples/prefix_override:/usr/lib/python3/dist-packages/colcon_core/task/python/colcon_distutils_commands:/home/nazmul/arduinobot_ws/install/arduinobot_py_examples/lib/python3.12/site-packages:${PYTHONPATH} /usr/bin/python3 -W ignore:setup.py install is deprecated -W ignore:easy_install command is deprecated setup.py egg_info --egg-base ../../build/arduinobot_py_examples build --build-base /home/nazmul/arduinobot_ws/build/arduinobot_py_examples/build install --record /home/nazmul/arduinobot_ws/build/arduinobot_py_examples/install.log --single-version-externally-managed install_data
[3.627s] Level 1:colcon.colcon_core.environment:checking '/home/nazmul/arduinobot_ws/install/arduinobot_py_examples' for CMake config files
[3.628s] Level 1:colcon.colcon_core.environment:checking '/home/nazmul/arduinobot_ws/install/arduinobot_py_examples/lib'
[3.628s] Level 1:colcon.colcon_core.environment:checking '/home/nazmul/arduinobot_ws/install/arduinobot_py_examples/bin'
[3.628s] Level 1:colcon.colcon_core.environment:checking '/home/nazmul/arduinobot_ws/install/arduinobot_py_examples/lib/pkgconfig/arduinobot_py_examples.pc'
[3.629s] Level 1:colcon.colcon_core.environment:checking '/home/nazmul/arduinobot_ws/install/arduinobot_py_examples/lib/python3.12/site-packages'
[3.629s] Level 1:colcon.colcon_core.shell:create_environment_hook('arduinobot_py_examples', 'pythonpath')
[3.630s] INFO:colcon.colcon_core.shell:Creating environment hook '/home/nazmul/arduinobot_ws/install/arduinobot_py_examples/share/arduinobot_py_examples/hook/pythonpath.ps1'
[3.631s] INFO:colcon.colcon_core.shell:Creating environment descriptor '/home/nazmul/arduinobot_ws/install/arduinobot_py_examples/share/arduinobot_py_examples/hook/pythonpath.dsv'
[3.631s] INFO:colcon.colcon_core.shell:Creating environment hook '/home/nazmul/arduinobot_ws/install/arduinobot_py_examples/share/arduinobot_py_examples/hook/pythonpath.sh'
[3.633s] Level 1:colcon.colcon_core.environment:checking '/home/nazmul/arduinobot_ws/install/arduinobot_py_examples/bin'
[3.633s] Level 1:colcon.colcon_core.environment:create_environment_scripts_only(arduinobot_py_examples)
[3.633s] INFO:colcon.colcon_core.shell:Creating package script '/home/nazmul/arduinobot_ws/install/arduinobot_py_examples/share/arduinobot_py_examples/package.ps1'
[3.634s] INFO:colcon.colcon_core.shell:Creating package descriptor '/home/nazmul/arduinobot_ws/install/arduinobot_py_examples/share/arduinobot_py_examples/package.dsv'
[3.635s] INFO:colcon.colcon_core.shell:Creating package script '/home/nazmul/arduinobot_ws/install/arduinobot_py_examples/share/arduinobot_py_examples/package.sh'
[3.636s] INFO:colcon.colcon_core.shell:Creating package script '/home/nazmul/arduinobot_ws/install/arduinobot_py_examples/share/arduinobot_py_examples/package.bash'
[3.637s] INFO:colcon.colcon_core.shell:Creating package script '/home/nazmul/arduinobot_ws/install/arduinobot_py_examples/share/arduinobot_py_examples/package.zsh'
[3.638s] Level 1:colcon.colcon_core.environment:create_file_with_runtime_dependencies(/home/nazmul/arduinobot_ws/install/arduinobot_py_examples/share/colcon-core/packages/arduinobot_py_examples)
[3.638s] DEBUG:colcon.colcon_parallel_executor.executor.parallel:closing loop
[3.639s] DEBUG:colcon.colcon_parallel_executor.executor.parallel:loop closed
[3.640s] DEBUG:colcon.colcon_parallel_executor.executor.parallel:run_until_complete finished with '0'
[3.640s] DEBUG:colcon.colcon_core.event_reactor:joining thread
[3.655s] INFO:colcon.colcon_core.plugin_system:Skipping extension 'colcon_notification.desktop_notification.terminal_notifier': Not used on non-Darwin systems
[3.655s] INFO:colcon.colcon_core.plugin_system:Skipping extension 'colcon_notification.desktop_notification.win32': Not used on non-Windows systems
[3.656s] INFO:colcon.colcon_notification.desktop_notification:Sending desktop notification using 'notify2'
[3.681s] DEBUG:colcon.colcon_core.event_reactor:joined thread
[3.681s] INFO:colcon.colcon_core.shell:Creating prefix script '/home/nazmul/arduinobot_ws/install/local_setup.ps1'
[3.684s] INFO:colcon.colcon_core.shell:Creating prefix util module '/home/nazmul/arduinobot_ws/install/_local_setup_util_ps1.py'
[3.687s] INFO:colcon.colcon_core.shell:Creating prefix chain script '/home/nazmul/arduinobot_ws/install/setup.ps1'
[3.690s] INFO:colcon.colcon_core.shell:Creating prefix script '/home/nazmul/arduinobot_ws/install/local_setup.sh'
[3.691s] INFO:colcon.colcon_core.shell:Creating prefix util module '/home/nazmul/arduinobot_ws/install/_local_setup_util_sh.py'
[3.694s] INFO:colcon.colcon_core.shell:Creating prefix chain script '/home/nazmul/arduinobot_ws/install/setup.sh'
[3.697s] INFO:colcon.colcon_core.shell:Creating prefix script '/home/nazmul/arduinobot_ws/install/local_setup.bash'
[3.698s] INFO:colcon.colcon_core.shell:Creating prefix chain script '/home/nazmul/arduinobot_ws/install/setup.bash'
[3.700s] INFO:colcon.colcon_core.shell:Creating prefix script '/home/nazmul/arduinobot_ws/install/local_setup.zsh'
[3.701s] INFO:colcon.colcon_core.shell:Creating prefix chain script '/home/nazmul/arduinobot_ws/install/setup.zsh'
