[0.417s] DEBUG:colcon:Command line arguments: ['/usr/bin/colcon', 'build']
[0.417s] DEBUG:colcon:Parsed command line arguments: Namespace(log_base=None, log_level=None, verb_name='build', build_base='build', install_base='install', merge_install=False, symlink_install=False, test_result_base=None, continue_on_error=False, executor='parallel', parallel_workers=4, event_handlers=None, ignore_user_meta=False, metas=['./colcon.meta'], base_paths=['.'], packages_ignore=None, packages_ignore_regex=None, paths=None, packages_up_to=None, packages_up_to_regex=None, packages_above=None, packages_above_and_dependencies=None, packages_above_depth=None, packages_select_by_dep=None, packages_skip_by_dep=None, packages_skip_up_to=None, packages_select_build_failed=False, packages_skip_build_finished=False, packages_select_test_failures=False, packages_skip_test_passed=False, packages_select=None, packages_skip=None, packages_select_regex=None, packages_skip_regex=None, packages_start=None, packages_end=None, allow_overriding=[], cmake_args=None, cmake_target=None, cmake_target_skip_unavailable=False, cmake_clean_cache=False, cmake_clean_first=False, cmake_force_configure=False, ament_cmake_args=None, catkin_cmake_args=None, catkin_skip_building_tests=False, mixin_files=None, mixin=None, verb_parser=<colcon_mixin.mixin.mixin_argument.MixinArgumentDecorator object at 0x70ab270984a0>, verb_extension=<colcon_core.verb.build.BuildVerb object at 0x70ab27098170>, main=<bound method BuildVerb.main of <colcon_core.verb.build.BuildVerb object at 0x70ab27098170>>, mixin_verb=('build',))
[0.617s] Level 1:colcon.colcon_core.package_discovery:discover_packages(colcon_meta) check parameters
[0.618s] Level 1:colcon.colcon_core.package_discovery:discover_packages(recursive) check parameters
[0.618s] Level 1:colcon.colcon_core.package_discovery:discover_packages(ignore) check parameters
[0.618s] Level 1:colcon.colcon_core.package_discovery:discover_packages(path) check parameters
[0.618s] Level 1:colcon.colcon_core.package_discovery:discover_packages(colcon_meta) discover
[0.618s] Level 1:colcon.colcon_core.package_discovery:discover_packages(recursive) discover
[0.618s] INFO:colcon.colcon_core.package_discovery:Crawling recursively for packages in '/home/nazmul/arduinobot_ws'
[0.619s] Level 1:colcon.colcon_core.package_identification:_identify(.) by extensions ['ignore', 'ignore_ament_install']
[0.619s] Level 1:colcon.colcon_core.package_identification:_identify(.) by extension 'ignore'
[0.619s] Level 1:colcon.colcon_core.package_identification:_identify(.) by extension 'ignore_ament_install'
[0.619s] Level 1:colcon.colcon_core.package_identification:_identify(.) by extensions ['colcon_pkg']
[0.619s] Level 1:colcon.colcon_core.package_identification:_identify(.) by extension 'colcon_pkg'
[0.620s] Level 1:colcon.colcon_core.package_identification:_identify(.) by extensions ['colcon_meta']
[0.620s] Level 1:colcon.colcon_core.package_identification:_identify(.) by extension 'colcon_meta'
[0.620s] Level 1:colcon.colcon_core.package_identification:_identify(.) by extensions ['ros']
[0.620s] Level 1:colcon.colcon_core.package_identification:_identify(.) by extension 'ros'
[0.693s] Level 1:colcon.colcon_core.package_identification:_identify(.) by extensions ['cmake', 'python']
[0.693s] Level 1:colcon.colcon_core.package_identification:_identify(.) by extension 'cmake'
[0.693s] Level 1:colcon.colcon_core.package_identification:_identify(.) by extension 'python'
[0.693s] Level 1:colcon.colcon_core.package_identification:_identify(.) by extensions ['python_setup_py']
[0.694s] Level 1:colcon.colcon_core.package_identification:_identify(.) by extension 'python_setup_py'
[0.694s] Level 1:colcon.colcon_core.package_identification:_identify(build) by extensions ['ignore', 'ignore_ament_install']
[0.694s] Level 1:colcon.colcon_core.package_identification:_identify(build) by extension 'ignore'
[0.694s] Level 1:colcon.colcon_core.package_identification:_identify(build) ignored
[0.694s] Level 1:colcon.colcon_core.package_identification:_identify(install) by extensions ['ignore', 'ignore_ament_install']
[0.694s] Level 1:colcon.colcon_core.package_identification:_identify(install) by extension 'ignore'
[0.695s] Level 1:colcon.colcon_core.package_identification:_identify(install) ignored
[0.695s] Level 1:colcon.colcon_core.package_identification:_identify(log) by extensions ['ignore', 'ignore_ament_install']
[0.695s] Level 1:colcon.colcon_core.package_identification:_identify(log) by extension 'ignore'
[0.695s] Level 1:colcon.colcon_core.package_identification:_identify(log) ignored
[0.695s] Level 1:colcon.colcon_core.package_identification:_identify(src) by extensions ['ignore', 'ignore_ament_install']
[0.695s] Level 1:colcon.colcon_core.package_identification:_identify(src) by extension 'ignore'
[0.695s] Level 1:colcon.colcon_core.package_identification:_identify(src) by extension 'ignore_ament_install'
[0.695s] Level 1:colcon.colcon_core.package_identification:_identify(src) by extensions ['colcon_pkg']
[0.696s] Level 1:colcon.colcon_core.package_identification:_identify(src) by extension 'colcon_pkg'
[0.696s] Level 1:colcon.colcon_core.package_identification:_identify(src) by extensions ['colcon_meta']
[0.696s] Level 1:colcon.colcon_core.package_identification:_identify(src) by extension 'colcon_meta'
[0.696s] Level 1:colcon.colcon_core.package_identification:_identify(src) by extensions ['ros']
[0.696s] Level 1:colcon.colcon_core.package_identification:_identify(src) by extension 'ros'
[0.696s] Level 1:colcon.colcon_core.package_identification:_identify(src) by extensions ['cmake', 'python']
[0.696s] Level 1:colcon.colcon_core.package_identification:_identify(src) by extension 'cmake'
[0.696s] Level 1:colcon.colcon_core.package_identification:_identify(src) by extension 'python'
[0.696s] Level 1:colcon.colcon_core.package_identification:_identify(src) by extensions ['python_setup_py']
[0.696s] Level 1:colcon.colcon_core.package_identification:_identify(src) by extension 'python_setup_py'
[0.697s] Level 1:colcon.colcon_core.package_identification:_identify(src/arduinobot_cpp_examples) by extensions ['ignore', 'ignore_ament_install']
[0.697s] Level 1:colcon.colcon_core.package_identification:_identify(src/arduinobot_cpp_examples) by extension 'ignore'
[0.697s] Level 1:colcon.colcon_core.package_identification:_identify(src/arduinobot_cpp_examples) by extension 'ignore_ament_install'
[0.697s] Level 1:colcon.colcon_core.package_identification:_identify(src/arduinobot_cpp_examples) by extensions ['colcon_pkg']
[0.697s] Level 1:colcon.colcon_core.package_identification:_identify(src/arduinobot_cpp_examples) by extension 'colcon_pkg'
[0.697s] Level 1:colcon.colcon_core.package_identification:_identify(src/arduinobot_cpp_examples) by extensions ['colcon_meta']
[0.698s] Level 1:colcon.colcon_core.package_identification:_identify(src/arduinobot_cpp_examples) by extension 'colcon_meta'
[0.698s] Level 1:colcon.colcon_core.package_identification:_identify(src/arduinobot_cpp_examples) by extensions ['ros']
[0.698s] Level 1:colcon.colcon_core.package_identification:_identify(src/arduinobot_cpp_examples) by extension 'ros'
[0.704s] DEBUG:colcon.colcon_core.package_identification:Package 'src/arduinobot_cpp_examples' with type 'ros.ament_cmake' and name 'arduinobot_cpp_examples'
[0.704s] Level 1:colcon.colcon_core.package_identification:_identify(src/arduinobot_description) by extensions ['ignore', 'ignore_ament_install']
[0.704s] Level 1:colcon.colcon_core.package_identification:_identify(src/arduinobot_description) by extension 'ignore'
[0.704s] Level 1:colcon.colcon_core.package_identification:_identify(src/arduinobot_description) by extension 'ignore_ament_install'
[0.705s] Level 1:colcon.colcon_core.package_identification:_identify(src/arduinobot_description) by extensions ['colcon_pkg']
[0.705s] Level 1:colcon.colcon_core.package_identification:_identify(src/arduinobot_description) by extension 'colcon_pkg'
[0.705s] Level 1:colcon.colcon_core.package_identification:_identify(src/arduinobot_description) by extensions ['colcon_meta']
[0.705s] Level 1:colcon.colcon_core.package_identification:_identify(src/arduinobot_description) by extension 'colcon_meta'
[0.705s] Level 1:colcon.colcon_core.package_identification:_identify(src/arduinobot_description) by extensions ['ros']
[0.705s] Level 1:colcon.colcon_core.package_identification:_identify(src/arduinobot_description) by extension 'ros'
[0.706s] DEBUG:colcon.colcon_core.package_identification:Package 'src/arduinobot_description' with type 'ros.ament_cmake' and name 'arduinobot_description'
[0.706s] Level 1:colcon.colcon_core.package_identification:_identify(src/arduinobot_py_examples) by extensions ['ignore', 'ignore_ament_install']
[0.707s] Level 1:colcon.colcon_core.package_identification:_identify(src/arduinobot_py_examples) by extension 'ignore'
[0.707s] Level 1:colcon.colcon_core.package_identification:_identify(src/arduinobot_py_examples) by extension 'ignore_ament_install'
[0.707s] Level 1:colcon.colcon_core.package_identification:_identify(src/arduinobot_py_examples) by extensions ['colcon_pkg']
[0.707s] Level 1:colcon.colcon_core.package_identification:_identify(src/arduinobot_py_examples) by extension 'colcon_pkg'
[0.707s] Level 1:colcon.colcon_core.package_identification:_identify(src/arduinobot_py_examples) by extensions ['colcon_meta']
[0.707s] Level 1:colcon.colcon_core.package_identification:_identify(src/arduinobot_py_examples) by extension 'colcon_meta'
[0.707s] Level 1:colcon.colcon_core.package_identification:_identify(src/arduinobot_py_examples) by extensions ['ros']
[0.707s] Level 1:colcon.colcon_core.package_identification:_identify(src/arduinobot_py_examples) by extension 'ros'
[0.708s] DEBUG:colcon.colcon_core.package_identification:Package 'src/arduinobot_py_examples' with type 'ros.ament_python' and name 'arduinobot_py_examples'
[0.709s] Level 1:colcon.colcon_core.package_discovery:discover_packages(recursive) using defaults
[0.709s] Level 1:colcon.colcon_core.package_discovery:discover_packages(ignore) discover
[0.709s] Level 1:colcon.colcon_core.package_discovery:discover_packages(ignore) using defaults
[0.709s] Level 1:colcon.colcon_core.package_discovery:discover_packages(path) discover
[0.709s] Level 1:colcon.colcon_core.package_discovery:discover_packages(path) using defaults
[0.768s] Level 1:colcon.colcon_core.package_discovery:discover_packages(prefix_path) check parameters
[0.768s] Level 1:colcon.colcon_core.package_discovery:discover_packages(prefix_path) discover
[0.777s] DEBUG:colcon.colcon_installed_package_information.package_discovery:Found 437 installed packages in /opt/ros/jazzy
[0.780s] Level 1:colcon.colcon_core.package_discovery:discover_packages(prefix_path) using defaults
[0.896s] Level 5:colcon.colcon_core.verb:set package 'arduinobot_cpp_examples' build argument 'cmake_args' from command line to 'None'
[0.896s] Level 5:colcon.colcon_core.verb:set package 'arduinobot_cpp_examples' build argument 'cmake_target' from command line to 'None'
[0.896s] Level 5:colcon.colcon_core.verb:set package 'arduinobot_cpp_examples' build argument 'cmake_target_skip_unavailable' from command line to 'False'
[0.896s] Level 5:colcon.colcon_core.verb:set package 'arduinobot_cpp_examples' build argument 'cmake_clean_cache' from command line to 'False'
[0.897s] Level 5:colcon.colcon_core.verb:set package 'arduinobot_cpp_examples' build argument 'cmake_clean_first' from command line to 'False'
[0.897s] Level 5:colcon.colcon_core.verb:set package 'arduinobot_cpp_examples' build argument 'cmake_force_configure' from command line to 'False'
[0.897s] Level 5:colcon.colcon_core.verb:set package 'arduinobot_cpp_examples' build argument 'ament_cmake_args' from command line to 'None'
[0.897s] Level 5:colcon.colcon_core.verb:set package 'arduinobot_cpp_examples' build argument 'catkin_cmake_args' from command line to 'None'
[0.897s] Level 5:colcon.colcon_core.verb:set package 'arduinobot_cpp_examples' build argument 'catkin_skip_building_tests' from command line to 'False'
[0.897s] DEBUG:colcon.colcon_core.verb:Building package 'arduinobot_cpp_examples' with the following arguments: {'ament_cmake_args': None, 'build_base': '/home/nazmul/arduinobot_ws/build/arduinobot_cpp_examples', 'catkin_cmake_args': None, 'catkin_skip_building_tests': False, 'cmake_args': None, 'cmake_clean_cache': False, 'cmake_clean_first': False, 'cmake_force_configure': False, 'cmake_target': None, 'cmake_target_skip_unavailable': False, 'install_base': '/home/nazmul/arduinobot_ws/install/arduinobot_cpp_examples', 'merge_install': False, 'path': '/home/nazmul/arduinobot_ws/src/arduinobot_cpp_examples', 'symlink_install': False, 'test_result_base': None}
[0.897s] Level 5:colcon.colcon_core.verb:set package 'arduinobot_description' build argument 'cmake_args' from command line to 'None'
[0.897s] Level 5:colcon.colcon_core.verb:set package 'arduinobot_description' build argument 'cmake_target' from command line to 'None'
[0.897s] Level 5:colcon.colcon_core.verb:set package 'arduinobot_description' build argument 'cmake_target_skip_unavailable' from command line to 'False'
[0.897s] Level 5:colcon.colcon_core.verb:set package 'arduinobot_description' build argument 'cmake_clean_cache' from command line to 'False'
[0.897s] Level 5:colcon.colcon_core.verb:set package 'arduinobot_description' build argument 'cmake_clean_first' from command line to 'False'
[0.897s] Level 5:colcon.colcon_core.verb:set package 'arduinobot_description' build argument 'cmake_force_configure' from command line to 'False'
[0.898s] Level 5:colcon.colcon_core.verb:set package 'arduinobot_description' build argument 'ament_cmake_args' from command line to 'None'
[0.898s] Level 5:colcon.colcon_core.verb:set package 'arduinobot_description' build argument 'catkin_cmake_args' from command line to 'None'
[0.898s] Level 5:colcon.colcon_core.verb:set package 'arduinobot_description' build argument 'catkin_skip_building_tests' from command line to 'False'
[0.898s] DEBUG:colcon.colcon_core.verb:Building package 'arduinobot_description' with the following arguments: {'ament_cmake_args': None, 'build_base': '/home/nazmul/arduinobot_ws/build/arduinobot_description', 'catkin_cmake_args': None, 'catkin_skip_building_tests': False, 'cmake_args': None, 'cmake_clean_cache': False, 'cmake_clean_first': False, 'cmake_force_configure': False, 'cmake_target': None, 'cmake_target_skip_unavailable': False, 'install_base': '/home/nazmul/arduinobot_ws/install/arduinobot_description', 'merge_install': False, 'path': '/home/nazmul/arduinobot_ws/src/arduinobot_description', 'symlink_install': False, 'test_result_base': None}
[0.898s] Level 5:colcon.colcon_core.verb:set package 'arduinobot_py_examples' build argument 'cmake_args' from command line to 'None'
[0.898s] Level 5:colcon.colcon_core.verb:set package 'arduinobot_py_examples' build argument 'cmake_target' from command line to 'None'
[0.898s] Level 5:colcon.colcon_core.verb:set package 'arduinobot_py_examples' build argument 'cmake_target_skip_unavailable' from command line to 'False'
[0.898s] Level 5:colcon.colcon_core.verb:set package 'arduinobot_py_examples' build argument 'cmake_clean_cache' from command line to 'False'
[0.898s] Level 5:colcon.colcon_core.verb:set package 'arduinobot_py_examples' build argument 'cmake_clean_first' from command line to 'False'
[0.898s] Level 5:colcon.colcon_core.verb:set package 'arduinobot_py_examples' build argument 'cmake_force_configure' from command line to 'False'
[0.898s] Level 5:colcon.colcon_core.verb:set package 'arduinobot_py_examples' build argument 'ament_cmake_args' from command line to 'None'
[0.898s] Level 5:colcon.colcon_core.verb:set package 'arduinobot_py_examples' build argument 'catkin_cmake_args' from command line to 'None'
[0.898s] Level 5:colcon.colcon_core.verb:set package 'arduinobot_py_examples' build argument 'catkin_skip_building_tests' from command line to 'False'
[0.898s] DEBUG:colcon.colcon_core.verb:Building package 'arduinobot_py_examples' with the following arguments: {'ament_cmake_args': None, 'build_base': '/home/nazmul/arduinobot_ws/build/arduinobot_py_examples', 'catkin_cmake_args': None, 'catkin_skip_building_tests': False, 'cmake_args': None, 'cmake_clean_cache': False, 'cmake_clean_first': False, 'cmake_force_configure': False, 'cmake_target': None, 'cmake_target_skip_unavailable': False, 'install_base': '/home/nazmul/arduinobot_ws/install/arduinobot_py_examples', 'merge_install': False, 'path': '/home/nazmul/arduinobot_ws/src/arduinobot_py_examples', 'symlink_install': False, 'test_result_base': None}
[0.899s] INFO:colcon.colcon_core.executor:Executing jobs using 'parallel' executor
[0.900s] DEBUG:colcon.colcon_parallel_executor.executor.parallel:run_until_complete
[0.900s] INFO:colcon.colcon_ros.task.ament_cmake.build:Building ROS package in '/home/nazmul/arduinobot_ws/src/arduinobot_cpp_examples' with build type 'ament_cmake'
[0.900s] INFO:colcon.colcon_cmake.task.cmake.build:Building CMake package in '/home/nazmul/arduinobot_ws/src/arduinobot_cpp_examples'
[0.910s] INFO:colcon.colcon_core.plugin_system:Skipping extension 'colcon_core.shell.bat': Not used on non-Windows systems
[0.910s] INFO:colcon.colcon_core.shell:Skip shell extension 'powershell' for command environment: Not usable outside of PowerShell
[0.910s] DEBUG:colcon.colcon_core.shell:Skip shell extension 'dsv' for command environment
[0.921s] INFO:colcon.colcon_ros.task.ament_cmake.build:Building ROS package in '/home/nazmul/arduinobot_ws/src/arduinobot_description' with build type 'ament_cmake'
[0.922s] INFO:colcon.colcon_cmake.task.cmake.build:Building CMake package in '/home/nazmul/arduinobot_ws/src/arduinobot_description'
[0.922s] INFO:colcon.colcon_core.shell:Skip shell extension 'powershell' for command environment: Not usable outside of PowerShell
[0.922s] DEBUG:colcon.colcon_core.shell:Skip shell extension 'dsv' for command environment
[0.932s] INFO:colcon.colcon_ros.task.ament_python.build:Building ROS package in '/home/nazmul/arduinobot_ws/src/arduinobot_py_examples' with build type 'ament_python'
[0.932s] Level 1:colcon.colcon_core.shell:create_environment_hook('arduinobot_py_examples', 'ament_prefix_path')
[0.933s] INFO:colcon.colcon_core.shell:Creating environment hook '/home/nazmul/arduinobot_ws/install/arduinobot_py_examples/share/arduinobot_py_examples/hook/ament_prefix_path.ps1'
[0.935s] INFO:colcon.colcon_core.shell:Creating environment descriptor '/home/nazmul/arduinobot_ws/install/arduinobot_py_examples/share/arduinobot_py_examples/hook/ament_prefix_path.dsv'
[0.937s] INFO:colcon.colcon_core.shell:Creating environment hook '/home/nazmul/arduinobot_ws/install/arduinobot_py_examples/share/arduinobot_py_examples/hook/ament_prefix_path.sh'
[0.938s] INFO:colcon.colcon_core.shell:Skip shell extension 'powershell' for command environment: Not usable outside of PowerShell
[0.939s] DEBUG:colcon.colcon_core.shell:Skip shell extension 'dsv' for command environment
[0.957s] DEBUG:colcon.colcon_core.event_handler.log_command:Invoking command in '/home/nazmul/arduinobot_ws/build/arduinobot_cpp_examples': CMAKE_PREFIX_PATH=${CMAKE_PREFIX_PATH}:/opt/ros/jazzy DEBUGINFOD_URLS=https://debuginfod.ubuntu.com /usr/bin/cmake --build /home/nazmul/arduinobot_ws/build/arduinobot_cpp_examples -- -j4 -l4
[0.966s] DEBUG:colcon.colcon_core.event_handler.log_command:Invoking command in '/home/nazmul/arduinobot_ws/build/arduinobot_description': CMAKE_PREFIX_PATH=${CMAKE_PREFIX_PATH}:/opt/ros/jazzy DEBUGINFOD_URLS=https://debuginfod.ubuntu.com /usr/bin/cmake /home/nazmul/arduinobot_ws/src/arduinobot_description -DCMAKE_INSTALL_PREFIX=/home/nazmul/arduinobot_ws/install/arduinobot_description
[1.543s] INFO:colcon.colcon_core.task.python.build:Building Python package in '/home/nazmul/arduinobot_ws/src/arduinobot_py_examples'
[1.543s] INFO:colcon.colcon_core.shell:Skip shell extension 'powershell' for command environment: Not usable outside of PowerShell
[1.543s] DEBUG:colcon.colcon_core.shell:Skip shell extension 'dsv' for command environment
[1.554s] DEBUG:colcon.colcon_core.event_handler.log_command:Invoked command in '/home/nazmul/arduinobot_ws/build/arduinobot_cpp_examples' returned '0': CMAKE_PREFIX_PATH=${CMAKE_PREFIX_PATH}:/opt/ros/jazzy DEBUGINFOD_URLS=https://debuginfod.ubuntu.com /usr/bin/cmake --build /home/nazmul/arduinobot_ws/build/arduinobot_cpp_examples -- -j4 -l4
[1.582s] DEBUG:colcon.colcon_core.event_handler.log_command:Invoking command in '/home/nazmul/arduinobot_ws/build/arduinobot_cpp_examples': CMAKE_PREFIX_PATH=${CMAKE_PREFIX_PATH}:/opt/ros/jazzy DEBUGINFOD_URLS=https://debuginfod.ubuntu.com /usr/bin/cmake --install /home/nazmul/arduinobot_ws/build/arduinobot_cpp_examples
[1.626s] Level 1:colcon.colcon_core.environment:create_environment_scripts_only(arduinobot_cpp_examples)
[1.628s] DEBUG:colcon.colcon_core.event_handler.log_command:Invoked command in '/home/nazmul/arduinobot_ws/build/arduinobot_cpp_examples' returned '0': CMAKE_PREFIX_PATH=${CMAKE_PREFIX_PATH}:/opt/ros/jazzy DEBUGINFOD_URLS=https://debuginfod.ubuntu.com /usr/bin/cmake --install /home/nazmul/arduinobot_ws/build/arduinobot_cpp_examples
[1.641s] Level 1:colcon.colcon_core.environment:checking '/home/nazmul/arduinobot_ws/install/arduinobot_cpp_examples' for CMake module files
[1.643s] Level 1:colcon.colcon_core.environment:checking '/home/nazmul/arduinobot_ws/install/arduinobot_cpp_examples' for CMake config files
[1.645s] Level 1:colcon.colcon_core.shell:create_environment_hook('arduinobot_cpp_examples', 'cmake_prefix_path')
[1.645s] INFO:colcon.colcon_core.shell:Creating environment hook '/home/nazmul/arduinobot_ws/install/arduinobot_cpp_examples/share/arduinobot_cpp_examples/hook/cmake_prefix_path.ps1'
[1.646s] INFO:colcon.colcon_core.shell:Creating environment descriptor '/home/nazmul/arduinobot_ws/install/arduinobot_cpp_examples/share/arduinobot_cpp_examples/hook/cmake_prefix_path.dsv'
[1.648s] INFO:colcon.colcon_core.shell:Creating environment hook '/home/nazmul/arduinobot_ws/install/arduinobot_cpp_examples/share/arduinobot_cpp_examples/hook/cmake_prefix_path.sh'
[1.649s] Level 1:colcon.colcon_core.environment:checking '/home/nazmul/arduinobot_ws/install/arduinobot_cpp_examples/bin'
[1.650s] Level 1:colcon.colcon_core.environment:checking '/home/nazmul/arduinobot_ws/install/arduinobot_cpp_examples/lib/pkgconfig/arduinobot_cpp_examples.pc'
[1.650s] Level 1:colcon.colcon_core.environment:checking '/home/nazmul/arduinobot_ws/install/arduinobot_cpp_examples/lib/python3.12/site-packages'
[1.651s] Level 1:colcon.colcon_core.environment:checking '/home/nazmul/arduinobot_ws/install/arduinobot_cpp_examples/bin'
[1.652s] INFO:colcon.colcon_core.shell:Creating package script '/home/nazmul/arduinobot_ws/install/arduinobot_cpp_examples/share/arduinobot_cpp_examples/package.ps1'
[1.655s] INFO:colcon.colcon_core.shell:Creating package descriptor '/home/nazmul/arduinobot_ws/install/arduinobot_cpp_examples/share/arduinobot_cpp_examples/package.dsv'
[1.656s] INFO:colcon.colcon_core.shell:Creating package script '/home/nazmul/arduinobot_ws/install/arduinobot_cpp_examples/share/arduinobot_cpp_examples/package.sh'
[1.659s] INFO:colcon.colcon_core.shell:Creating package script '/home/nazmul/arduinobot_ws/install/arduinobot_cpp_examples/share/arduinobot_cpp_examples/package.bash'
[1.661s] INFO:colcon.colcon_core.shell:Creating package script '/home/nazmul/arduinobot_ws/install/arduinobot_cpp_examples/share/arduinobot_cpp_examples/package.zsh'
[1.664s] Level 1:colcon.colcon_core.environment:create_file_with_runtime_dependencies(/home/nazmul/arduinobot_ws/install/arduinobot_cpp_examples/share/colcon-core/packages/arduinobot_cpp_examples)
[1.665s] Level 1:colcon.colcon_core.environment:create_environment_scripts_only(arduinobot_cpp_examples)
[1.666s] Level 1:colcon.colcon_core.environment:checking '/home/nazmul/arduinobot_ws/install/arduinobot_cpp_examples' for CMake module files
[1.668s] Level 1:colcon.colcon_core.environment:checking '/home/nazmul/arduinobot_ws/install/arduinobot_cpp_examples' for CMake config files
[1.668s] Level 1:colcon.colcon_core.shell:create_environment_hook('arduinobot_cpp_examples', 'cmake_prefix_path')
[1.669s] INFO:colcon.colcon_core.shell:Creating environment hook '/home/nazmul/arduinobot_ws/install/arduinobot_cpp_examples/share/arduinobot_cpp_examples/hook/cmake_prefix_path.ps1'
[1.670s] INFO:colcon.colcon_core.shell:Creating environment descriptor '/home/nazmul/arduinobot_ws/install/arduinobot_cpp_examples/share/arduinobot_cpp_examples/hook/cmake_prefix_path.dsv'
[1.671s] INFO:colcon.colcon_core.shell:Creating environment hook '/home/nazmul/arduinobot_ws/install/arduinobot_cpp_examples/share/arduinobot_cpp_examples/hook/cmake_prefix_path.sh'
[1.673s] Level 1:colcon.colcon_core.environment:checking '/home/nazmul/arduinobot_ws/install/arduinobot_cpp_examples/bin'
[1.673s] Level 1:colcon.colcon_core.environment:checking '/home/nazmul/arduinobot_ws/install/arduinobot_cpp_examples/lib/pkgconfig/arduinobot_cpp_examples.pc'
[1.673s] Level 1:colcon.colcon_core.environment:checking '/home/nazmul/arduinobot_ws/install/arduinobot_cpp_examples/lib/python3.12/site-packages'
[1.674s] Level 1:colcon.colcon_core.environment:checking '/home/nazmul/arduinobot_ws/install/arduinobot_cpp_examples/bin'
[1.675s] INFO:colcon.colcon_core.shell:Creating package script '/home/nazmul/arduinobot_ws/install/arduinobot_cpp_examples/share/arduinobot_cpp_examples/package.ps1'
[1.676s] INFO:colcon.colcon_core.shell:Creating package descriptor '/home/nazmul/arduinobot_ws/install/arduinobot_cpp_examples/share/arduinobot_cpp_examples/package.dsv'
[1.678s] INFO:colcon.colcon_core.shell:Creating package script '/home/nazmul/arduinobot_ws/install/arduinobot_cpp_examples/share/arduinobot_cpp_examples/package.sh'
[1.679s] INFO:colcon.colcon_core.shell:Creating package script '/home/nazmul/arduinobot_ws/install/arduinobot_cpp_examples/share/arduinobot_cpp_examples/package.bash'
[1.680s] INFO:colcon.colcon_core.shell:Creating package script '/home/nazmul/arduinobot_ws/install/arduinobot_cpp_examples/share/arduinobot_cpp_examples/package.zsh'
[1.681s] Level 1:colcon.colcon_core.environment:create_file_with_runtime_dependencies(/home/nazmul/arduinobot_ws/install/arduinobot_cpp_examples/share/colcon-core/packages/arduinobot_cpp_examples)
[3.232s] DEBUG:colcon.colcon_core.event_handler.log_command:Invoked command in '/home/nazmul/arduinobot_ws/build/arduinobot_description' returned '0': CMAKE_PREFIX_PATH=${CMAKE_PREFIX_PATH}:/opt/ros/jazzy DEBUGINFOD_URLS=https://debuginfod.ubuntu.com /usr/bin/cmake /home/nazmul/arduinobot_ws/src/arduinobot_description -DCMAKE_INSTALL_PREFIX=/home/nazmul/arduinobot_ws/install/arduinobot_description
[3.234s] DEBUG:colcon.colcon_core.event_handler.log_command:Invoking command in '/home/nazmul/arduinobot_ws/build/arduinobot_description': CMAKE_PREFIX_PATH=${CMAKE_PREFIX_PATH}:/opt/ros/jazzy DEBUGINFOD_URLS=https://debuginfod.ubuntu.com /usr/bin/cmake --build /home/nazmul/arduinobot_ws/build/arduinobot_description -- -j4 -l4
[3.334s] DEBUG:colcon.colcon_core.event_handler.log_command:Invoked command in '/home/nazmul/arduinobot_ws/build/arduinobot_description' returned '0': CMAKE_PREFIX_PATH=${CMAKE_PREFIX_PATH}:/opt/ros/jazzy DEBUGINFOD_URLS=https://debuginfod.ubuntu.com /usr/bin/cmake --build /home/nazmul/arduinobot_ws/build/arduinobot_description -- -j4 -l4
[3.338s] DEBUG:colcon.colcon_core.event_handler.log_command:Invoking command in '/home/nazmul/arduinobot_ws/build/arduinobot_description': CMAKE_PREFIX_PATH=${CMAKE_PREFIX_PATH}:/opt/ros/jazzy DEBUGINFOD_URLS=https://debuginfod.ubuntu.com /usr/bin/cmake --install /home/nazmul/arduinobot_ws/build/arduinobot_description
[3.367s] Level 1:colcon.colcon_core.environment:create_environment_scripts_only(arduinobot_description)
[3.368s] Level 1:colcon.colcon_core.environment:checking '/home/nazmul/arduinobot_ws/install/arduinobot_description' for CMake module files
[3.369s] DEBUG:colcon.colcon_core.event_handler.log_command:Invoked command in '/home/nazmul/arduinobot_ws/build/arduinobot_description' returned '0': CMAKE_PREFIX_PATH=${CMAKE_PREFIX_PATH}:/opt/ros/jazzy DEBUGINFOD_URLS=https://debuginfod.ubuntu.com /usr/bin/cmake --install /home/nazmul/arduinobot_ws/build/arduinobot_description
[3.370s] Level 1:colcon.colcon_core.environment:checking '/home/nazmul/arduinobot_ws/install/arduinobot_description' for CMake config files
[3.370s] Level 1:colcon.colcon_core.shell:create_environment_hook('arduinobot_description', 'cmake_prefix_path')
[3.371s] INFO:colcon.colcon_core.shell:Creating environment hook '/home/nazmul/arduinobot_ws/install/arduinobot_description/share/arduinobot_description/hook/cmake_prefix_path.ps1'
[3.372s] INFO:colcon.colcon_core.shell:Creating environment descriptor '/home/nazmul/arduinobot_ws/install/arduinobot_description/share/arduinobot_description/hook/cmake_prefix_path.dsv'
[3.373s] INFO:colcon.colcon_core.shell:Creating environment hook '/home/nazmul/arduinobot_ws/install/arduinobot_description/share/arduinobot_description/hook/cmake_prefix_path.sh'
[3.375s] Level 1:colcon.colcon_core.environment:checking '/home/nazmul/arduinobot_ws/install/arduinobot_description/bin'
[3.375s] Level 1:colcon.colcon_core.environment:checking '/home/nazmul/arduinobot_ws/install/arduinobot_description/lib/pkgconfig/arduinobot_description.pc'
[3.376s] Level 1:colcon.colcon_core.environment:checking '/home/nazmul/arduinobot_ws/install/arduinobot_description/lib/python3.12/site-packages'
[3.376s] Level 1:colcon.colcon_core.environment:checking '/home/nazmul/arduinobot_ws/install/arduinobot_description/bin'
[3.377s] INFO:colcon.colcon_core.shell:Creating package script '/home/nazmul/arduinobot_ws/install/arduinobot_description/share/arduinobot_description/package.ps1'
[3.378s] INFO:colcon.colcon_core.shell:Creating package descriptor '/home/nazmul/arduinobot_ws/install/arduinobot_description/share/arduinobot_description/package.dsv'
[3.380s] INFO:colcon.colcon_core.shell:Creating package script '/home/nazmul/arduinobot_ws/install/arduinobot_description/share/arduinobot_description/package.sh'
[3.381s] INFO:colcon.colcon_core.shell:Creating package script '/home/nazmul/arduinobot_ws/install/arduinobot_description/share/arduinobot_description/package.bash'
[3.382s] INFO:colcon.colcon_core.shell:Creating package script '/home/nazmul/arduinobot_ws/install/arduinobot_description/share/arduinobot_description/package.zsh'
[3.383s] Level 1:colcon.colcon_core.environment:create_file_with_runtime_dependencies(/home/nazmul/arduinobot_ws/install/arduinobot_description/share/colcon-core/packages/arduinobot_description)
[3.384s] Level 1:colcon.colcon_core.environment:create_environment_scripts_only(arduinobot_description)
[3.384s] Level 1:colcon.colcon_core.environment:checking '/home/nazmul/arduinobot_ws/install/arduinobot_description' for CMake module files
[3.385s] Level 1:colcon.colcon_core.environment:checking '/home/nazmul/arduinobot_ws/install/arduinobot_description' for CMake config files
[3.386s] Level 1:colcon.colcon_core.shell:create_environment_hook('arduinobot_description', 'cmake_prefix_path')
[3.386s] INFO:colcon.colcon_core.shell:Creating environment hook '/home/nazmul/arduinobot_ws/install/arduinobot_description/share/arduinobot_description/hook/cmake_prefix_path.ps1'
[3.387s] INFO:colcon.colcon_core.shell:Creating environment descriptor '/home/nazmul/arduinobot_ws/install/arduinobot_description/share/arduinobot_description/hook/cmake_prefix_path.dsv'
[3.388s] INFO:colcon.colcon_core.shell:Creating environment hook '/home/nazmul/arduinobot_ws/install/arduinobot_description/share/arduinobot_description/hook/cmake_prefix_path.sh'
[3.389s] Level 1:colcon.colcon_core.environment:checking '/home/nazmul/arduinobot_ws/install/arduinobot_description/bin'
[3.389s] Level 1:colcon.colcon_core.environment:checking '/home/nazmul/arduinobot_ws/install/arduinobot_description/lib/pkgconfig/arduinobot_description.pc'
[3.390s] Level 1:colcon.colcon_core.environment:checking '/home/nazmul/arduinobot_ws/install/arduinobot_description/lib/python3.12/site-packages'
[3.390s] Level 1:colcon.colcon_core.environment:checking '/home/nazmul/arduinobot_ws/install/arduinobot_description/bin'
[3.391s] INFO:colcon.colcon_core.shell:Creating package script '/home/nazmul/arduinobot_ws/install/arduinobot_description/share/arduinobot_description/package.ps1'
[3.392s] INFO:colcon.colcon_core.shell:Creating package descriptor '/home/nazmul/arduinobot_ws/install/arduinobot_description/share/arduinobot_description/package.dsv'
[3.393s] INFO:colcon.colcon_core.shell:Creating package script '/home/nazmul/arduinobot_ws/install/arduinobot_description/share/arduinobot_description/package.sh'
[3.394s] INFO:colcon.colcon_core.shell:Creating package script '/home/nazmul/arduinobot_ws/install/arduinobot_description/share/arduinobot_description/package.bash'
[3.395s] INFO:colcon.colcon_core.shell:Creating package script '/home/nazmul/arduinobot_ws/install/arduinobot_description/share/arduinobot_description/package.zsh'
[3.396s] Level 1:colcon.colcon_core.environment:create_file_with_runtime_dependencies(/home/nazmul/arduinobot_ws/install/arduinobot_description/share/colcon-core/packages/arduinobot_description)
[3.455s] DEBUG:colcon.colcon_core.event_handler.log_command:Invoking command in '/home/nazmul/arduinobot_ws/src/arduinobot_py_examples': DEBUGINFOD_URLS=https://debuginfod.ubuntu.com PYTHONPATH=/home/nazmul/arduinobot_ws/build/arduinobot_py_examples/prefix_override:/usr/lib/python3/dist-packages/colcon_core/task/python/colcon_distutils_commands:/home/nazmul/arduinobot_ws/install/arduinobot_py_examples/lib/python3.12/site-packages:${PYTHONPATH} /usr/bin/python3 -W ignore:setup.py install is deprecated -W ignore:easy_install command is deprecated setup.py egg_info --egg-base ../../build/arduinobot_py_examples build --build-base /home/nazmul/arduinobot_ws/build/arduinobot_py_examples/build install --record /home/nazmul/arduinobot_ws/build/arduinobot_py_examples/install.log --single-version-externally-managed install_data
[4.668s] Level 1:colcon.colcon_core.environment:checking '/home/nazmul/arduinobot_ws/install/arduinobot_py_examples' for CMake module files
[4.669s] DEBUG:colcon.colcon_core.event_handler.log_command:Invoked command in '/home/nazmul/arduinobot_ws/src/arduinobot_py_examples' returned '0': DEBUGINFOD_URLS=https://debuginfod.ubuntu.com PYTHONPATH=/home/nazmul/arduinobot_ws/build/arduinobot_py_examples/prefix_override:/usr/lib/python3/dist-packages/colcon_core/task/python/colcon_distutils_commands:/home/nazmul/arduinobot_ws/install/arduinobot_py_examples/lib/python3.12/site-packages:${PYTHONPATH} /usr/bin/python3 -W ignore:setup.py install is deprecated -W ignore:easy_install command is deprecated setup.py egg_info --egg-base ../../build/arduinobot_py_examples build --build-base /home/nazmul/arduinobot_ws/build/arduinobot_py_examples/build install --record /home/nazmul/arduinobot_ws/build/arduinobot_py_examples/install.log --single-version-externally-managed install_data
[4.670s] Level 1:colcon.colcon_core.environment:checking '/home/nazmul/arduinobot_ws/install/arduinobot_py_examples' for CMake config files
[4.672s] Level 1:colcon.colcon_core.environment:checking '/home/nazmul/arduinobot_ws/install/arduinobot_py_examples/lib'
[4.673s] Level 1:colcon.colcon_core.environment:checking '/home/nazmul/arduinobot_ws/install/arduinobot_py_examples/bin'
[4.673s] Level 1:colcon.colcon_core.environment:checking '/home/nazmul/arduinobot_ws/install/arduinobot_py_examples/lib/pkgconfig/arduinobot_py_examples.pc'
[4.673s] Level 1:colcon.colcon_core.environment:checking '/home/nazmul/arduinobot_ws/install/arduinobot_py_examples/lib/python3.12/site-packages'
[4.673s] Level 1:colcon.colcon_core.shell:create_environment_hook('arduinobot_py_examples', 'pythonpath')
[4.674s] INFO:colcon.colcon_core.shell:Creating environment hook '/home/nazmul/arduinobot_ws/install/arduinobot_py_examples/share/arduinobot_py_examples/hook/pythonpath.ps1'
[4.675s] INFO:colcon.colcon_core.shell:Creating environment descriptor '/home/nazmul/arduinobot_ws/install/arduinobot_py_examples/share/arduinobot_py_examples/hook/pythonpath.dsv'
[4.675s] INFO:colcon.colcon_core.shell:Creating environment hook '/home/nazmul/arduinobot_ws/install/arduinobot_py_examples/share/arduinobot_py_examples/hook/pythonpath.sh'
[4.676s] Level 1:colcon.colcon_core.environment:checking '/home/nazmul/arduinobot_ws/install/arduinobot_py_examples/bin'
[4.677s] Level 1:colcon.colcon_core.environment:create_environment_scripts_only(arduinobot_py_examples)
[4.677s] INFO:colcon.colcon_core.shell:Creating package script '/home/nazmul/arduinobot_ws/install/arduinobot_py_examples/share/arduinobot_py_examples/package.ps1'
[4.678s] INFO:colcon.colcon_core.shell:Creating package descriptor '/home/nazmul/arduinobot_ws/install/arduinobot_py_examples/share/arduinobot_py_examples/package.dsv'
[4.679s] INFO:colcon.colcon_core.shell:Creating package script '/home/nazmul/arduinobot_ws/install/arduinobot_py_examples/share/arduinobot_py_examples/package.sh'
[4.680s] INFO:colcon.colcon_core.shell:Creating package script '/home/nazmul/arduinobot_ws/install/arduinobot_py_examples/share/arduinobot_py_examples/package.bash'
[4.681s] INFO:colcon.colcon_core.shell:Creating package script '/home/nazmul/arduinobot_ws/install/arduinobot_py_examples/share/arduinobot_py_examples/package.zsh'
[4.681s] Level 1:colcon.colcon_core.environment:create_file_with_runtime_dependencies(/home/nazmul/arduinobot_ws/install/arduinobot_py_examples/share/colcon-core/packages/arduinobot_py_examples)
[4.682s] DEBUG:colcon.colcon_parallel_executor.executor.parallel:closing loop
[4.683s] DEBUG:colcon.colcon_parallel_executor.executor.parallel:loop closed
[4.684s] DEBUG:colcon.colcon_parallel_executor.executor.parallel:run_until_complete finished with '0'
[4.684s] DEBUG:colcon.colcon_core.event_reactor:joining thread
[4.702s] INFO:colcon.colcon_core.plugin_system:Skipping extension 'colcon_notification.desktop_notification.terminal_notifier': Not used on non-Darwin systems
[4.702s] INFO:colcon.colcon_core.plugin_system:Skipping extension 'colcon_notification.desktop_notification.win32': Not used on non-Windows systems
[4.702s] INFO:colcon.colcon_notification.desktop_notification:Sending desktop notification using 'notify2'
[4.725s] DEBUG:colcon.colcon_core.event_reactor:joined thread
[4.725s] INFO:colcon.colcon_core.shell:Creating prefix script '/home/nazmul/arduinobot_ws/install/local_setup.ps1'
[4.727s] INFO:colcon.colcon_core.shell:Creating prefix util module '/home/nazmul/arduinobot_ws/install/_local_setup_util_ps1.py'
[4.730s] INFO:colcon.colcon_core.shell:Creating prefix chain script '/home/nazmul/arduinobot_ws/install/setup.ps1'
[4.732s] INFO:colcon.colcon_core.shell:Creating prefix script '/home/nazmul/arduinobot_ws/install/local_setup.sh'
[4.733s] INFO:colcon.colcon_core.shell:Creating prefix util module '/home/nazmul/arduinobot_ws/install/_local_setup_util_sh.py'
[4.734s] INFO:colcon.colcon_core.shell:Creating prefix chain script '/home/nazmul/arduinobot_ws/install/setup.sh'
[4.736s] INFO:colcon.colcon_core.shell:Creating prefix script '/home/nazmul/arduinobot_ws/install/local_setup.bash'
[4.737s] INFO:colcon.colcon_core.shell:Creating prefix chain script '/home/nazmul/arduinobot_ws/install/setup.bash'
[4.740s] INFO:colcon.colcon_core.shell:Creating prefix script '/home/nazmul/arduinobot_ws/install/local_setup.zsh'
[4.741s] INFO:colcon.colcon_core.shell:Creating prefix chain script '/home/nazmul/arduinobot_ws/install/setup.zsh'
