[3.668s] Invoking command in '/home/nazmul/arduinobot_ws/src/arduinobot_py_examples': DEBUGINFOD_URLS=https://debuginfod.ubuntu.com PYTHONPATH=/home/nazmul/arduinobot_ws/build/arduinobot_py_examples/prefix_override:/usr/lib/python3/dist-packages/colcon_core/task/python/colcon_distutils_commands:/home/nazmul/arduinobot_ws/install/arduinobot_py_examples/lib/python3.12/site-packages:${PYTHONPATH} /usr/bin/python3 -W ignore:setup.py install is deprecated -W ignore:easy_install command is deprecated setup.py egg_info --egg-base ../../build/arduinobot_py_examples build --build-base /home/nazmul/arduinobot_ws/build/arduinobot_py_examples/build install --record /home/nazmul/arduinobot_ws/build/arduinobot_py_examples/install.log --single-version-externally-managed install_data
[4.471s] running egg_info
[4.500s] writing ../../build/arduinobot_py_examples/arduinobot_py_examples.egg-info/PKG-INFO
[4.500s] writing dependency_links to ../../build/arduinobot_py_examples/arduinobot_py_examples.egg-info/dependency_links.txt
[4.500s] writing entry points to ../../build/arduinobot_py_examples/arduinobot_py_examples.egg-info/entry_points.txt
[4.501s] writing requirements to ../../build/arduinobot_py_examples/arduinobot_py_examples.egg-info/requires.txt
[4.501s] writing top-level names to ../../build/arduinobot_py_examples/arduinobot_py_examples.egg-info/top_level.txt
[4.561s] reading manifest file '../../build/arduinobot_py_examples/arduinobot_py_examples.egg-info/SOURCES.txt'
[4.562s] writing manifest file '../../build/arduinobot_py_examples/arduinobot_py_examples.egg-info/SOURCES.txt'
[4.562s] running build
[4.562s] running build_py
[4.563s] running install
[4.570s] running install_lib
[4.600s] running install_data
[4.600s] running install_egg_info
[4.638s] removing '/home/nazmul/arduinobot_ws/install/arduinobot_py_examples/lib/python3.12/site-packages/arduinobot_py_examples-0.0.0-py3.12.egg-info' (and everything under it)
[4.638s] Copying ../../build/arduinobot_py_examples/arduinobot_py_examples.egg-info to /home/nazmul/arduinobot_ws/install/arduinobot_py_examples/lib/python3.12/site-packages/arduinobot_py_examples-0.0.0-py3.12.egg-info
[4.639s] running install_scripts
[4.862s] Installing simple_parameter script to /home/nazmul/arduinobot_ws/install/arduinobot_py_examples/lib/arduinobot_py_examples
[4.863s] Installing simple_publisher script to /home/nazmul/arduinobot_ws/install/arduinobot_py_examples/lib/arduinobot_py_examples
[4.863s] writing list of installed files to '/home/nazmul/arduinobot_ws/build/arduinobot_py_examples/install.log'
[4.906s] Invoked command in '/home/nazmul/arduinobot_ws/src/arduinobot_py_examples' returned '0': DEBUGINFOD_URLS=https://debuginfod.ubuntu.com PYTHONPATH=/home/nazmul/arduinobot_ws/build/arduinobot_py_examples/prefix_override:/usr/lib/python3/dist-packages/colcon_core/task/python/colcon_distutils_commands:/home/nazmul/arduinobot_ws/install/arduinobot_py_examples/lib/python3.12/site-packages:${PYTHONPATH} /usr/bin/python3 -W ignore:setup.py install is deprecated -W ignore:easy_install command is deprecated setup.py egg_info --egg-base ../../build/arduinobot_py_examples build --build-base /home/nazmul/arduinobot_ws/build/arduinobot_py_examples/build install --record /home/nazmul/arduinobot_ws/build/arduinobot_py_examples/install.log --single-version-externally-managed install_data
