[0.053s] Invoking command in '/home/nazmul/arduinobot_ws/build/arduinobot_cpp_examples': CMAKE_PREFIX_PATH=${CMAKE_PREFIX_PATH}:/opt/ros/jazzy DEBUGINFOD_URLS=https://debuginfod.ubuntu.com /usr/bin/cmake --build /home/nazmul/arduinobot_ws/build/arduinobot_cpp_examples -- -j4 -l4
[0.651s] Invoked command in '/home/nazmul/arduinobot_ws/build/arduinobot_cpp_examples' returned '0': CMAKE_PREFIX_PATH=${CMAKE_PREFIX_PATH}:/opt/ros/jazzy DEBUGINFOD_URLS=https://debuginfod.ubuntu.com /usr/bin/cmake --build /home/nazmul/arduinobot_ws/build/arduinobot_cpp_examples -- -j4 -l4
[0.674s] Invoking command in '/home/nazmul/arduinobot_ws/build/arduinobot_cpp_examples': CMAKE_PREFIX_PATH=${CMAKE_PREFIX_PATH}:/opt/ros/jazzy DEBUGINFOD_URLS=https://debuginfod.ubuntu.com /usr/bin/cmake --install /home/nazmul/arduinobot_ws/build/arduinobot_cpp_examples
[0.703s] -- Install configuration: ""
[0.705s] -- Up-to-date: /home/nazmul/arduinobot_ws/install/arduinobot_cpp_examples/share/ament_index/resource_index/package_run_dependencies/arduinobot_cpp_examples
[0.709s] -- Up-to-date: /home/nazmul/arduinobot_ws/install/arduinobot_cpp_examples/share/ament_index/resource_index/parent_prefix_path/arduinobot_cpp_examples
[0.710s] -- Up-to-date: /home/nazmul/arduinobot_ws/install/arduinobot_cpp_examples/share/arduinobot_cpp_examples/environment/ament_prefix_path.sh
[0.713s] -- Up-to-date: /home/nazmul/arduinobot_ws/install/arduinobot_cpp_examples/share/arduinobot_cpp_examples/environment/ament_prefix_path.dsv
[0.714s] -- Up-to-date: /home/nazmul/arduinobot_ws/install/arduinobot_cpp_examples/share/arduinobot_cpp_examples/environment/path.sh
[0.714s] -- Up-to-date: /home/nazmul/arduinobot_ws/install/arduinobot_cpp_examples/share/arduinobot_cpp_examples/environment/path.dsv
[0.714s] -- Up-to-date: /home/nazmul/arduinobot_ws/install/arduinobot_cpp_examples/share/arduinobot_cpp_examples/local_setup.bash
[0.716s] -- Up-to-date: /home/nazmul/arduinobot_ws/install/arduinobot_cpp_examples/share/arduinobot_cpp_examples/local_setup.sh
[0.716s] -- Up-to-date: /home/nazmul/arduinobot_ws/install/arduinobot_cpp_examples/share/arduinobot_cpp_examples/local_setup.zsh
[0.717s] -- Up-to-date: /home/nazmul/arduinobot_ws/install/arduinobot_cpp_examples/share/arduinobot_cpp_examples/local_setup.dsv
[0.717s] -- Installing: /home/nazmul/arduinobot_ws/install/arduinobot_cpp_examples/share/arduinobot_cpp_examples/package.dsv
[0.718s] -- Up-to-date: /home/nazmul/arduinobot_ws/install/arduinobot_cpp_examples/share/ament_index/resource_index/packages/arduinobot_cpp_examples
[0.718s] -- Up-to-date: /home/nazmul/arduinobot_ws/install/arduinobot_cpp_examples/share/arduinobot_cpp_examples/cmake/arduinobot_cpp_examplesConfig.cmake
[0.719s] -- Up-to-date: /home/nazmul/arduinobot_ws/install/arduinobot_cpp_examples/share/arduinobot_cpp_examples/cmake/arduinobot_cpp_examplesConfig-version.cmake
[0.719s] -- Up-to-date: /home/nazmul/arduinobot_ws/install/arduinobot_cpp_examples/share/arduinobot_cpp_examples/package.xml
[0.733s] Invoked command in '/home/nazmul/arduinobot_ws/build/arduinobot_cpp_examples' returned '0': CMAKE_PREFIX_PATH=${CMAKE_PREFIX_PATH}:/opt/ros/jazzy DEBUGINFOD_URLS=https://debuginfod.ubuntu.com /usr/bin/cmake --install /home/nazmul/arduinobot_ws/build/arduinobot_cpp_examples
